        -:    0:Source:/Users/taveeh/Desktop/University/Year 1/Semester 2/Object Oriented Programming/Assignment_9/Exceptions.h
        -:    0:Graph:/Users/taveeh/Desktop/University/Year 1/Semester 2/Object Oriented Programming/Assignment_9/cmake-build-debug/CMakeFiles/Assignment_9.dir/Exceptions.cpp.gcno
        -:    0:Data:/Users/taveeh/Desktop/University/Year 1/Semester 2/Object Oriented Programming/Assignment_9/cmake-build-debug/CMakeFiles/Assignment_9.dir/Exceptions.cpp.gcda
        -:    0:Runs:1
        -:    0:Programs:1
        -:    1://
        -:    2:// Created by Octavian Custura on 20/04/2020.
        -:    3://
        -:    4:
        -:    5:#ifndef ASSIGNMENT_7_8_EXCEPTIONS_H
        -:    6:#define ASSIGNMENT_7_8_EXCEPTIONS_H
        -:    7:#include <exception>
        -:    8:#include <string>
       27:    9:class Exception: public std::exception {
       27:    9-block  0
       27:    9-block  1
    $$$$$:    9-block  2
    $$$$$:    9-block  3
    $$$$$:    9-block  4
    $$$$$:    9-block  5
    $$$$$:    9-block  6
    $$$$$:    9-block  7
    $$$$$:    9-block  8
    $$$$$:    9-block  9
        -:   10:public:
        -:   11:	virtual const char* what() = 0;
        -:   12:};
        -:   13:
    #####:   14:class RepositoryException: Exception {
    $$$$$:   14-block  0
    $$$$$:   14-block  1
    $$$$$:   14-block  2
    $$$$$:   14-block  3
    $$$$$:   14-block  4
    $$$$$:   14-block  5
        -:   15:private:
        -:   16:	const std::string& exception_name;
        -:   17:public:
        -:   18:	explicit RepositoryException(const std::string&);
        -:   19:
        -:   20:	const char* what() override;
        -:   21:};
        -:   22:
    #####:   23:class ValidationException: Exception {
    $$$$$:   23-block  0
    $$$$$:   23-block  1
    $$$$$:   23-block  2
    $$$$$:   23-block  3
    $$$$$:   23-block  4
    $$$$$:   23-block  5
        -:   24:	const std::string& exception_name;
        -:   25:public:
        -:   26:	explicit ValidationException(const std::string& exception);
        -:   27:
        -:   28:	const char* what() override;
        -:   29:};
        -:   30:#endif //ASSIGNMENT_7_8_EXCEPTIONS_H
