        -:    0:Source:/Users/taveeh/Desktop/Info/OOP/Assignment_7-8/Footage.h
        -:    0:Graph:/Users/taveeh/Desktop/Info/OOP/Assignment_7-8/cmake-build-debug/CMakeFiles/Assignment_7_8.dir/FileRepository.cpp.gcno
        -:    0:Data:/Users/taveeh/Desktop/Info/OOP/Assignment_7-8/cmake-build-debug/CMakeFiles/Assignment_7_8.dir/FileRepository.cpp.gcda
        -:    0:Runs:1
        -:    0:Programs:1
        -:    1://
        -:    2:// Created by Octavian Custura on 18/03/2020.
        -:    3://
        -:    4:
        -:    5:#ifndef ASSIGNMENT_5_6_FOOTAGE_H
        -:    6:#define ASSIGNMENT_5_6_FOOTAGE_H
        -:    7:
        -:    8:#include <string>
        -:    9:class Date {
        -:   10:private:
        -:   11:	int day, month, year;
        -:   12:public:
        -:   13:	/*
        -:   14:	 * Default constructor
        -:   15:	 */
        -:   16:	Date();
        -:   17:
        -:   18:	/*
        -:   19:	 * Constructor
        -:   20:	 */
        -:   21:	Date(int day, int month, int year);
        -:   22:	/*
        -:   23:	 * Function that gets the day of the date
        -:   24:	 * Input:
        -:   25:	 * Output:
        -:   26:	 * int - current day
        -:   27:	 */
        -:   28:	[[nodiscard]] int getDay() const;
        -:   29:
        -:   30:	/*
        -:   31:	 * Function that gets the month of the date
        -:   32:	 * Input:
        -:   33:	 * Output:
        -:   34:	 * int - current month
        -:   35:	 */
        -:   36:	[[nodiscard]] int getMonth() const;
        -:   37:
        -:   38:	/*
        -:   39:	 * Function that gets the year of the date
        -:   40:	 * Input:
        -:   41:	 * Output:
        -:   42:	 * int - current year
        -:   43:	 */
        -:   44:	[[nodiscard]] int getYear() const;
        -:   45:
        -:   46:	/*
        -:   47:	 * Operator < for comparing dates
        -:   48:	 * Input:
        -:   49:	 * compareDate1, compareDate2 - const Date&
        -:   50:	 * Output: bool
        -:   51:	 * true if compareDate1 < compareDate2
        -:   52:	 * false otherwise
        -:   53:	 */
        -:   54:	friend bool operator<(const Date& compareDate1, const Date& compareDate2);
        -:   55:
        -:   56:	/*
        -:   57:	 * Returns the string for a class
        -:   58:	 * Input:
        -:   59:	 * Output:
        -:   60:	 * std::string
        -:   61:	 */
        -:   62:	[[nodiscard]] std::string toString() const;
        -:   63:
        -:   64:	friend std::istream& operator>>(std::istream& inputStream, Date& date);
        -:   65:
        -:   66:	friend std::ostream& operator<<(std::ostream& outputStream, const Date& date);
        -:   67:};
        -:   68:
    #####:   69:class Footage {
    $$$$$:   69-block  0
    $$$$$:   69-block  1
    $$$$$:   69-block  2
    $$$$$:   69-block  3
    $$$$$:   69-block  4
    $$$$$:   69-block  5
    $$$$$:   69-block  6
    $$$$$:   69-block  7
    $$$$$:   69-block  8
    $$$$$:   69-block  9
    $$$$$:   69-block 10
    $$$$$:   69-block 11
    $$$$$:   69-block 12
    $$$$$:   69-block 13
    $$$$$:   69-block 14
    $$$$$:   69-block 15
    $$$$$:   69-block 16
    $$$$$:   69-block 17
        -:   70:private:
        -:   71:	std::string title;
        -:   72:	std::string type;
        -:   73:	Date date;
        -:   74:	int numberAccessed;
        -:   75:	std::string link;
        -:   76:public:
        -:   77:	/*
        -:   78:	 * Default constructor
        -:   79:	 */
        -:   80:	Footage();
        -:   81:
        -:   82:	/*
        -:   83:	 * Constructor
        -:   84:	 */
        -:   85:	Footage(std::string title, std::string type, Date date, int numberAccessed, std::string link);
        -:   86:
        -:   87:	/*
        -:   88:	 * Function that changes type of footage
        -:   89:	 * Input:
        -:   90:	 * newType - std::string
        -:   91:	 */
        -:   92:	void changeType(std::string newType);
        -:   93:
        -:   94:	/*
        -:   95:	 * Function that changes date of footage
        -:   96:	 * Input:
        -:   97:	 * newDate - Date
        -:   98:	 */
        -:   99:	void changeDate(Date newDate);
        -:  100:
        -:  101:	/*
        -:  102:	 * Function that changes the access count of footage
        -:  103:	 * Input:
        -:  104:	 * newAccessCount - int
        -:  105:	 */
        -:  106:	void changeAccessCount(int newAccessCount);
        -:  107:
        -:  108:	/*
        -:  109:	 * Function that changes the link of the footage
        -:  110:	 * Input:
        -:  111:	 * link - std::string
        -:  112:	 */
        -:  113:	void changeLink(std::string link);
        -:  114:
        -:  115:	/*
        -:  116:	 * Function that gets the title of the Footage
        -:  117:	 * Input:
        -:  118:	 * Output:
        -:  119:	 * title - std::string
        -:  120:	 */
        -:  121:	[[nodiscard]] std::string getTitle() const;
        -:  122:
        -:  123:	/*
        -:  124:	* Function that gets the type of the Footage
        -:  125:	* Input:
        -:  126:	* Output:
        -:  127:	* type - std::string
        -:  128:	*/
        -:  129:	[[nodiscard]] std::string getType() const;
        -:  130:
        -:  131:	/*
        -:  132:	 * Function that gets the date of the Footage
        -:  133:	 * Input:
        -:  134:	 * Output:
        -:  135:	 * date - Date
        -:  136:	 */
        -:  137:	[[nodiscard]] Date getDate() const;
        -:  138:
        -:  139:	/*
        -:  140:	 * Function that gets the access count of the Footage
        -:  141:	 * Input:
        -:  142:	 * Output:
        -:  143:	 * access count - int
        -:  144:	 */
        -:  145:	[[nodiscard]] int getAccessCount() const;
        -:  146:
        -:  147:	/*
        -:  148:	 * Function that gets the link of the Footage
        -:  149:	 * Input:
        -:  150:	 * Output:
        -:  151:	 * link - std::string
        -:  152:	 */
        -:  153:	[[nodiscard]] std::string getLink() const;
        -:  154:
        -:  155:	/*
        -:  156:	 * Returns a string regarding the footage
        -:  157:	 * Input:
        -:  158:	 * Ouput: std::string
        -:  159:	 */
        -:  160:	[[nodiscard]] std::string toString() const;
        -:  161:
        -:  162:	friend std::istream& operator>>(std::istream& inputStream, Footage& footage);
        -:  163:
        -:  164:	friend std::ostream& operator<<(std::ostream& outputStream, const Footage& footage);
        -:  165:};
        -:  166:
        -:  167:
        -:  168:#endif //ASSIGNMENT_5_6_FOOTAGE_H
