        -:    0:Source:/Users/taveeh/Desktop/University/Year 1/Semester 2/Object Oriented Programming/Assignment_7-8/TestFileRepository.cpp
        -:    0:Graph:/Users/taveeh/Desktop/University/Year 1/Semester 2/Object Oriented Programming/Assignment_7-8/cmake-build-debug/CMakeFiles/Assignment_7_8.dir/TestFileRepository.cpp.gcno
        -:    0:Data:/Users/taveeh/Desktop/University/Year 1/Semester 2/Object Oriented Programming/Assignment_7-8/cmake-build-debug/CMakeFiles/Assignment_7_8.dir/TestFileRepository.cpp.gcda
        -:    0:Runs:1
        -:    0:Programs:1
        -:    1://
        -:    2:// Created by Octavian Custura on 24/03/2020.
        -:    3://
        -:    4:
        -:    5:#include "TestFileRepository.h"
        -:    6:#include "Footage.h"
        -:    7:#include "FileRepository.h"
        -:    8:#include <fstream>
        -:    9:#include <exception>
        -:   10:#include <cassert>
        -:   11:
        1:   12:void TestFileRepository::test_addFootage_ValidInput_FootageAdded() {
        1:   13:	std::string file = "test.txt";
        1:   13-block  0
        1:   14:	auto repository = FileRepository(file);
        1:   14-block  0
        1:   15:	auto testFootage = Footage("abc", "def", Date(2, 2, 2020), 7, "link");
        1:   15-block  0
        1:   15-block  1
        1:   15-block  2
        1:   15-block  3
        1:   15-block  4
    $$$$$:   15-block  5
    $$$$$:   15-block  6
    $$$$$:   15-block  7
        1:   16:	repository.addFootage(testFootage);
        1:   16-block  0
        1:   17:	assert(repository.getAllFootage().size() == 1);
        1:   17-block  0
        1:   17-block  1
    $$$$$:   17-block  2
    $$$$$:   17-block  3
    $$$$$:   17-block  4
    $$$$$:   17-block  5
        1:   17-block  6
        1:   18:}
    $$$$$:   18-block  0
    $$$$$:   18-block  1
    $$$$$:   18-block  2
    $$$$$:   18-block  3
    $$$$$:   18-block  4
        1:   18-block  5
    $$$$$:   18-block  6
    $$$$$:   18-block  7
    $$$$$:   18-block  8
    $$$$$:   18-block  9
        -:   19:
        1:   20:void TestFileRepository::test_all() {
        1:   21:	std::ofstream clearFile;
        1:   21-block  0
        1:   22:	clearFile.open("test.txt", std::ofstream::out | std::ofstream::trunc);
        1:   22-block  0
        1:   23:	clearFile.close();
        1:   23-block  0
        1:   24:	test_addFootage_ValidInput_FootageAdded();
        1:   24-block  0
        1:   25:	clearFile.open("test.txt", std::ofstream::out | std::ofstream::trunc);
        1:   25-block  0
        1:   26:	clearFile.close();
        1:   26-block  0
        1:   27:	test_addFootage_Duplicate_FootageNotAdded();
        1:   27-block  0
        1:   28:	clearFile.open("test.txt", std::ofstream::out | std::ofstream::trunc);
        1:   28-block  0
        1:   29:	clearFile.close();
        1:   29-block  0
        1:   30:	test_deleteFootage_ValidInput_FootageRemoved();
        1:   30-block  0
        1:   31:	clearFile.open("test.txt", std::ofstream::out | std::ofstream::trunc);
        1:   31-block  0
        1:   32:	clearFile.close();
        1:   32-block  0
        1:   33:	test_deleteFootage_Inexistent_FootageNotRemoved();
        1:   33-block  0
        1:   34:	clearFile.open("test.txt", std::ofstream::out | std::ofstream::trunc);
        1:   34-block  0
        1:   35:	clearFile.close();
        1:   35-block  0
        1:   36:	test_updateFootage_Inexistent_FootageNotChanged();
        1:   36-block  0
        1:   37:	clearFile.open("test.txt", std::ofstream::out | std::ofstream::trunc);
        1:   37-block  0
        1:   38:	clearFile.close();
        1:   38-block  0
        1:   39:	test_updateFootage_ValidInput_FootageChanged();
        1:   39-block  0
        1:   40:	clearFile.open("test.txt", std::ofstream::out | std::ofstream::trunc);
        1:   40-block  0
        1:   41:	clearFile.close();
        1:   41-block  0
        1:   42:	test_getCurrentElement_EndOfArray_FirstElement();
        1:   42-block  0
        1:   43:}
        1:   43-block  0
    $$$$$:   43-block  1
    $$$$$:   43-block  2
        -:   44:
        1:   45:void TestFileRepository::test_addFootage_Duplicate_FootageNotAdded() {
        1:   46:	std::string file = "test.txt";
        1:   46-block  0
        1:   47:	auto repository = FileRepository(file);	auto testFootage = Footage("abc", "def", Date(2, 2, 2020), 7, "link");
        1:   47-block  0
        1:   47-block  1
        1:   47-block  2
        1:   47-block  3
        1:   47-block  4
        1:   47-block  5
    $$$$$:   47-block  6
    $$$$$:   47-block  7
    $$$$$:   47-block  8
        1:   48:	repository.addFootage(testFootage);
        1:   48-block  0
        1:   49:	auto testFootage2 = Footage("abc", "efg", Date(3, 3, 2020), 9, "link2");
        1:   49-block  0
        1:   49-block  1
        1:   49-block  2
        1:   49-block  3
        1:   49-block  4
    $$$$$:   49-block  5
    $$$$$:   49-block  6
    $$$$$:   49-block  7
        -:   50:	try {
        1:   51:		repository.addFootage(testFootage2);
        1:   51-block  0
        1:   52:	}catch (std::exception&) {
    $$$$$:   52-block  0
        1:   52-block  1
        -:   53:		static_assert(true, "");
        1:   54:	}
        1:   54-block  0
        1:   54-block  1
        2:   55:}
    $$$$$:   55-block  0
    $$$$$:   55-block  1
    $$$$$:   55-block  2
    $$$$$:   55-block  3
    $$$$$:   55-block  4
    $$$$$:   55-block  5
    $$$$$:   55-block  6
        1:   55-block  7
        1:   55-block  8
    $$$$$:   55-block  9
    $$$$$:   55-block 10
    $$$$$:   55-block 11
    $$$$$:   55-block 12
    $$$$$:   55-block 13
    $$$$$:   55-block 14
        -:   56:
        1:   57:void TestFileRepository::test_deleteFootage_ValidInput_FootageRemoved() {
        1:   58:	std::string file = "test.txt";
        1:   58-block  0
        1:   59:	auto repository = FileRepository(file);
        1:   59-block  0
        1:   60:	auto testFootage = Footage("abc", "def", Date(2, 2, 2020), 7, "link");
        1:   60-block  0
        1:   60-block  1
        1:   60-block  2
        1:   60-block  3
        1:   60-block  4
    $$$$$:   60-block  5
    $$$$$:   60-block  6
    $$$$$:   60-block  7
        1:   61:	repository.addFootage(testFootage);
        1:   61-block  0
        1:   62:	repository.deleteFootage("abc");
        1:   62-block  0
        1:   62-block  1
    $$$$$:   62-block  2
        1:   63:	assert(repository.getAllFootage().empty());
        1:   63-block  0
        1:   63-block  1
    $$$$$:   63-block  2
    $$$$$:   63-block  3
    $$$$$:   63-block  4
    $$$$$:   63-block  5
        1:   63-block  6
        1:   64:}
    $$$$$:   64-block  0
    $$$$$:   64-block  1
    $$$$$:   64-block  2
    $$$$$:   64-block  3
    $$$$$:   64-block  4
        1:   64-block  5
    $$$$$:   64-block  6
    $$$$$:   64-block  7
    $$$$$:   64-block  8
    $$$$$:   64-block  9
        -:   65:
        1:   66:void TestFileRepository::test_deleteFootage_Inexistent_FootageNotRemoved() {
        1:   67:	std::string file = "test.txt";
        1:   67-block  0
        1:   68:	auto repository = FileRepository(file);
        1:   68-block  0
        1:   69:	auto testFootage = Footage("abc", "def", Date(2, 2, 2020), 7, "link");
        1:   69-block  0
        1:   69-block  1
        1:   69-block  2
        1:   69-block  3
        1:   69-block  4
    $$$$$:   69-block  5
    $$$$$:   69-block  6
    $$$$$:   69-block  7
        1:   70:	repository.addFootage(testFootage);
        1:   70-block  0
        -:   71:	try {
        1:   72:		repository.deleteFootage("abd");
        1:   72-block  0
        1:   72-block  1
        1:   72-block  2
        1:   73:	}catch (std::exception&) {
    $$$$$:   73-block  0
        1:   73-block  1
        -:   74:		static_assert(true, "");
        1:   75:	}
        1:   75-block  0
        1:   75-block  1
        2:   76:}
    $$$$$:   76-block  0
    $$$$$:   76-block  1
    $$$$$:   76-block  2
    $$$$$:   76-block  3
    $$$$$:   76-block  4
    $$$$$:   76-block  5
        1:   76-block  6
    $$$$$:   76-block  7
    $$$$$:   76-block  8
    $$$$$:   76-block  9
    $$$$$:   76-block 10
        -:   77:
        1:   78:void TestFileRepository::test_updateFootage_ValidInput_FootageChanged() {
        1:   79:	std::string file = "test.txt";
        1:   79-block  0
        1:   80:	auto repository = FileRepository(file);
        1:   80-block  0
        1:   81:	auto testFootage = Footage("abc", "def", Date(2, 2, 2020), 7, "link");
        1:   81-block  0
        1:   81-block  1
        1:   81-block  2
        1:   81-block  3
        1:   81-block  4
    $$$$$:   81-block  5
    $$$$$:   81-block  6
    $$$$$:   81-block  7
        1:   82:	repository.addFootage(testFootage);
        1:   82-block  0
        1:   83:	auto testFootage2 = Footage("abc", "efg", Date(3, 3, 2020), 9, "link2");
        1:   83-block  0
        1:   83-block  1
        1:   83-block  2
        1:   83-block  3
        1:   83-block  4
    $$$$$:   83-block  5
    $$$$$:   83-block  6
    $$$$$:   83-block  7
        1:   84:	repository.updateFootage(testFootage2);
        1:   84-block  0
        1:   85:	assert(repository.getAllFootage()[0].getType() == "efg");
        1:   85-block  0
        1:   85-block  1
        1:   85-block  2
        1:   85-block  3
    $$$$$:   85-block  4
    $$$$$:   85-block  5
    $$$$$:   85-block  6
    $$$$$:   85-block  7
        1:   85-block  8
    $$$$$:   85-block  9
        1:   86:}
    $$$$$:   86-block  0
    $$$$$:   86-block  1
    $$$$$:   86-block  2
    $$$$$:   86-block  3
    $$$$$:   86-block  4
    $$$$$:   86-block  5
    $$$$$:   86-block  6
    $$$$$:   86-block  7
    $$$$$:   86-block  8
        1:   86-block  9
    $$$$$:   86-block 10
    $$$$$:   86-block 11
    $$$$$:   86-block 12
    $$$$$:   86-block 13
    $$$$$:   86-block 14
        -:   87:
        1:   88:void TestFileRepository::test_updateFootage_Inexistent_FootageNotChanged() {
        1:   89:	std::string file = "test.txt";
        1:   89-block  0
        1:   90:	auto repository = FileRepository(file);
        1:   90-block  0
        1:   91:	auto testFootage = Footage("abc", "def", Date(2, 2, 2020), 7, "link");
        1:   91-block  0
        1:   91-block  1
        1:   91-block  2
        1:   91-block  3
        1:   91-block  4
    $$$$$:   91-block  5
    $$$$$:   91-block  6
    $$$$$:   91-block  7
        1:   92:	repository.addFootage(testFootage);
        1:   92-block  0
        1:   93:	auto testFootage2 = Footage("abd", "efg", Date(3, 3, 2020), 9, "link2");
        1:   93-block  0
        1:   93-block  1
        1:   93-block  2
        1:   93-block  3
        1:   93-block  4
    $$$$$:   93-block  5
    $$$$$:   93-block  6
    $$$$$:   93-block  7
        -:   94:	try {
        1:   95:		repository.updateFootage(testFootage2);
        1:   95-block  0
        1:   96:	}catch (std::exception&) {
    $$$$$:   96-block  0
        1:   96-block  1
        -:   97:		static_assert(true, "");
        1:   98:	}
        1:   98-block  0
        1:   98-block  1
        2:   99:}
    $$$$$:   99-block  0
    $$$$$:   99-block  1
    $$$$$:   99-block  2
    $$$$$:   99-block  3
    $$$$$:   99-block  4
    $$$$$:   99-block  5
    $$$$$:   99-block  6
        1:   99-block  7
        1:   99-block  8
    $$$$$:   99-block  9
    $$$$$:   99-block 10
    $$$$$:   99-block 11
    $$$$$:   99-block 12
    $$$$$:   99-block 13
    $$$$$:   99-block 14
        -:  100:
        1:  101:void TestFileRepository::test_getCurrentElement_EndOfArray_FirstElement() {
        1:  102:	std::string file = "test.txt";
        1:  102-block  0
        1:  103:	auto repository = FileRepository(file);
        1:  103-block  0
        1:  104:	auto testFootage = Footage("abc", "def", Date(2, 2, 2020), 7, "link");
        1:  104-block  0
        1:  104-block  1
        1:  104-block  2
        1:  104-block  3
        1:  104-block  4
    $$$$$:  104-block  5
    $$$$$:  104-block  6
    $$$$$:  104-block  7
        1:  105:	repository.addFootage(testFootage);
        1:  105-block  0
        1:  106:	repository.getCurrentElement();
        1:  106-block  0
        1:  107:	testFootage = repository.getCurrentElement();
        1:  107-block  0
        1:  108:	assert(testFootage.getTitle() == "abc");
        1:  108-block  0
        1:  108-block  1
    $$$$$:  108-block  2
    $$$$$:  108-block  3
    $$$$$:  108-block  4
    $$$$$:  108-block  5
        1:  108-block  6
        1:  109:}
    $$$$$:  109-block  0
    $$$$$:  109-block  1
    $$$$$:  109-block  2
    $$$$$:  109-block  3
    $$$$$:  109-block  4
        1:  109-block  5
    $$$$$:  109-block  6
    $$$$$:  109-block  7
    $$$$$:  109-block  8
    $$$$$:  109-block  9
