        -:    0:Source:/Users/taveeh/Desktop/University/Year 1/Semester 2/Object Oriented Programming/Assignment_5-6/Footage.h
        -:    0:Graph:/Users/taveeh/Desktop/University/Year 1/Semester 2/Object Oriented Programming/Assignment_5-6/cmake-build-debug/CMakeFiles/Assignment_5_6.dir/DynamicArray.cpp.gcno
        -:    0:Data:/Users/taveeh/Desktop/University/Year 1/Semester 2/Object Oriented Programming/Assignment_5-6/cmake-build-debug/CMakeFiles/Assignment_5_6.dir/DynamicArray.cpp.gcda
        -:    0:Runs:1
        -:    0:Programs:1
        -:    1://
        -:    2:// Created by Octavian Custura on 18/03/2020.
        -:    3://
        -:    4:
        -:    5:#ifndef ASSIGNMENT_5_6_FOOTAGE_H
        -:    6:#define ASSIGNMENT_5_6_FOOTAGE_H
        -:    7:
        -:    8:#include <string>
        -:    9:class Date {
        -:   10:private:
        -:   11:    int day, month, year;
        -:   12:public:
        -:   13:    Date();
        -:   14:    Date(int day, int month, int year);
        -:   15:    [[nodiscard]] int getDay() const;
        -:   16:    [[nodiscard]] int getMonth() const;
        -:   17:    [[nodiscard]] int getYear() const;
        -:   18:    friend bool operator<(const Date& compareDate1, const Date& compareDate2);
        -:   19:};
        -:   20:
      151:   21:class Footage {
       73:   21-block  0
       73:   21-block  1
        1:   21-block  2
        1:   21-block  3
        2:   21-block  4
        2:   21-block  5
       73:   21-block  6
       73:   21-block  7
        2:   21-block  8
        2:   21-block  9
        2:   21-block 10
        2:   21-block 11
    $$$$$:   21-block 12
    $$$$$:   21-block 13
    $$$$$:   21-block 14
    $$$$$:   21-block 15
        -:   22:private:
        -:   23:    std::string title;
        -:   24:    std::string type;
        -:   25:    Date date;
        -:   26:    int numberAccessed;
        -:   27:    std::string link;
        -:   28:
        -:   29:public:
        -:   30:    Footage();
        -:   31:
        -:   32:    Footage(std::string title, std::string type, Date date, int numberAccessed, std::string link);
        -:   33:
        -:   34:    void changeType(std::string newType);
        -:   35:
        -:   36:    void changeDate(Date newDate);
        -:   37:
        -:   38:    void changeAccessCount(int newAccessCount);
        -:   39:
        -:   40:    void changeLink(std::string link);
        -:   41:
        -:   42:    [[nodiscard]] std::string getTitle() const;
        -:   43:
        -:   44:    std::string getType() const;
        -:   45:
        -:   46:    Date getDate() const;
        -:   47:
        -:   48:    int getAccessCount() const;
        -:   49:
        -:   50:    std::string getLink() const;
        -:   51:};
        -:   52:
        -:   53:
        -:   54:#endif //ASSIGNMENT_5_6_FOOTAGE_H
