        -:    0:Source:/Applications/Xcode.app/Contents/Developer/Toolchains/XcodeDefault.xctoolchain/usr/bin/../include/c++/v1/type_traits
        -:    0:Graph:/Users/taveeh/Desktop/University/Year 1/Semester 2/Object Oriented Programming/Assignment_5-6/cmake-build-debug/CMakeFiles/Assignment_5_6.dir/main.cpp.gcno
        -:    0:Data:/Users/taveeh/Desktop/University/Year 1/Semester 2/Object Oriented Programming/Assignment_5-6/cmake-build-debug/CMakeFiles/Assignment_5_6.dir/main.cpp.gcda
        -:    0:Runs:1
        -:    0:Programs:1
        -:    1:// -*- C++ -*-
        -:    2://===------------------------ type_traits ---------------------------------===//
        -:    3://
        -:    4://                     The LLVM Compiler Infrastructure
        -:    5://
        -:    6:// This file is dual licensed under the MIT and the University of Illinois Open
        -:    7:// Source Licenses. See LICENSE.TXT for details.
        -:    8://
        -:    9://===----------------------------------------------------------------------===//
        -:   10:
        -:   11:#ifndef _LIBCPP_TYPE_TRAITS
        -:   12:#define _LIBCPP_TYPE_TRAITS
        -:   13:
        -:   14:/*
        -:   15:    type_traits synopsis
        -:   16:
        -:   17:namespace std
        -:   18:{
        -:   19:
        -:   20:    // helper class:
        -:   21:    template <class T, T v> struct integral_constant;
        -:   22:    typedef integral_constant<bool, true>  true_type;   // C++11
        -:   23:    typedef integral_constant<bool, false> false_type;  // C++11
        -:   24:
        -:   25:    template <bool B>                                   // C++14
        -:   26:    using bool_constant = integral_constant<bool, B>;   // C++14
        -:   27:    typedef bool_constant<true> true_type;              // C++14
        -:   28:    typedef bool_constant<false> false_type;            // C++14
        -:   29:
        -:   30:    // helper traits
        -:   31:    template <bool, class T = void> struct enable_if;
        -:   32:    template <bool, class T, class F> struct conditional;
        -:   33:
        -:   34:    // Primary classification traits:
        -:   35:    template <class T> struct is_void;
        -:   36:    template <class T> struct is_null_pointer;  // C++14
        -:   37:    template <class T> struct is_integral;
        -:   38:    template <class T> struct is_floating_point;
        -:   39:    template <class T> struct is_array;
        -:   40:    template <class T> struct is_pointer;
        -:   41:    template <class T> struct is_lvalue_reference;
        -:   42:    template <class T> struct is_rvalue_reference;
        -:   43:    template <class T> struct is_member_object_pointer;
        -:   44:    template <class T> struct is_member_function_pointer;
        -:   45:    template <class T> struct is_enum;
        -:   46:    template <class T> struct is_union;
        -:   47:    template <class T> struct is_class;
        -:   48:    template <class T> struct is_function;
        -:   49:
        -:   50:    // Secondary classification traits:
        -:   51:    template <class T> struct is_reference;
        -:   52:    template <class T> struct is_arithmetic;
        -:   53:    template <class T> struct is_fundamental;
        -:   54:    template <class T> struct is_member_pointer;
        -:   55:    template <class T> struct is_scalar;
        -:   56:    template <class T> struct is_object;
        -:   57:    template <class T> struct is_compound;
        -:   58:
        -:   59:    // Const-volatile properties and transformations:
        -:   60:    template <class T> struct is_const;
        -:   61:    template <class T> struct is_volatile;
        -:   62:    template <class T> struct remove_const;
        -:   63:    template <class T> struct remove_volatile;
        -:   64:    template <class T> struct remove_cv;
        -:   65:    template <class T> struct add_const;
        -:   66:    template <class T> struct add_volatile;
        -:   67:    template <class T> struct add_cv;
        -:   68:
        -:   69:    // Reference transformations:
        -:   70:    template <class T> struct remove_reference;
        -:   71:    template <class T> struct add_lvalue_reference;
        -:   72:    template <class T> struct add_rvalue_reference;
        -:   73:
        -:   74:    // Pointer transformations:
        -:   75:    template <class T> struct remove_pointer;
        -:   76:    template <class T> struct add_pointer;
        -:   77:
        -:   78:    template<class T> struct type_identity;                     // C++20
        -:   79:    template<class T>
        -:   80:      using type_identity_t = typename type_identity<T>::type;  // C++20
        -:   81:
        -:   82:    // Integral properties:
        -:   83:    template <class T> struct is_signed;
        -:   84:    template <class T> struct is_unsigned;
        -:   85:    template <class T> struct make_signed;
        -:   86:    template <class T> struct make_unsigned;
        -:   87:
        -:   88:    // Array properties and transformations:
        -:   89:    template <class T> struct rank;
        -:   90:    template <class T, unsigned I = 0> struct extent;
        -:   91:    template <class T> struct remove_extent;
        -:   92:    template <class T> struct remove_all_extents;
        -:   93:
        -:   94:    // Member introspection:
        -:   95:    template <class T> struct is_pod;
        -:   96:    template <class T> struct is_trivial;
        -:   97:    template <class T> struct is_trivially_copyable;
        -:   98:    template <class T> struct is_standard_layout;
        -:   99:    template <class T> struct is_literal_type;
        -:  100:    template <class T> struct is_empty;
        -:  101:    template <class T> struct is_polymorphic;
        -:  102:    template <class T> struct is_abstract;
        -:  103:    template <class T> struct is_final; // C++14
        -:  104:    template <class T> struct is_aggregate; // C++17
        -:  105:
        -:  106:    template <class T, class... Args> struct is_constructible;
        -:  107:    template <class T>                struct is_default_constructible;
        -:  108:    template <class T>                struct is_copy_constructible;
        -:  109:    template <class T>                struct is_move_constructible;
        -:  110:    template <class T, class U>       struct is_assignable;
        -:  111:    template <class T>                struct is_copy_assignable;
        -:  112:    template <class T>                struct is_move_assignable;
        -:  113:    template <class T, class U>       struct is_swappable_with;       // C++17
        -:  114:    template <class T>                struct is_swappable;            // C++17
        -:  115:    template <class T>                struct is_destructible;
        -:  116:
        -:  117:    template <class T, class... Args> struct is_trivially_constructible;
        -:  118:    template <class T>                struct is_trivially_default_constructible;
        -:  119:    template <class T>                struct is_trivially_copy_constructible;
        -:  120:    template <class T>                struct is_trivially_move_constructible;
        -:  121:    template <class T, class U>       struct is_trivially_assignable;
        -:  122:    template <class T>                struct is_trivially_copy_assignable;
        -:  123:    template <class T>                struct is_trivially_move_assignable;
        -:  124:    template <class T>                struct is_trivially_destructible;
        -:  125:
        -:  126:    template <class T, class... Args> struct is_nothrow_constructible;
        -:  127:    template <class T>                struct is_nothrow_default_constructible;
        -:  128:    template <class T>                struct is_nothrow_copy_constructible;
        -:  129:    template <class T>                struct is_nothrow_move_constructible;
        -:  130:    template <class T, class U>       struct is_nothrow_assignable;
        -:  131:    template <class T>                struct is_nothrow_copy_assignable;
        -:  132:    template <class T>                struct is_nothrow_move_assignable;
        -:  133:    template <class T, class U>       struct is_nothrow_swappable_with; // C++17
        -:  134:    template <class T>                struct is_nothrow_swappable;      // C++17
        -:  135:    template <class T>                struct is_nothrow_destructible;
        -:  136:
        -:  137:    template <class T> struct has_virtual_destructor;
        -:  138:
        -:  139:    template<class T> struct has_unique_object_representations;         // C++17
        -:  140:
        -:  141:    // Relationships between types:
        -:  142:    template <class T, class U> struct is_same;
        -:  143:    template <class Base, class Derived> struct is_base_of;
        -:  144:    template <class From, class To> struct is_convertible;
        -:  145:
        -:  146:    template <class Fn, class... ArgTypes> struct is_invocable;
        -:  147:    template <class R, class Fn, class... ArgTypes> struct is_invocable_r;
        -:  148:
        -:  149:    template <class Fn, class... ArgTypes> struct is_nothrow_invocable;
        -:  150:    template <class R, class Fn, class... ArgTypes> struct is_nothrow_invocable_r;
        -:  151:
        -:  152:    // Alignment properties and transformations:
        -:  153:    template <class T> struct alignment_of;
        -:  154:    template <size_t Len, size_t Align = most_stringent_alignment_requirement>
        -:  155:        struct aligned_storage;
        -:  156:    template <size_t Len, class... Types> struct aligned_union;
        -:  157:    template <class T> struct remove_cvref; // C++20
        -:  158:
        -:  159:    template <class T> struct decay;
        -:  160:    template <class... T> struct common_type;
        -:  161:    template <class T> struct underlying_type;
        -:  162:    template <class> class result_of; // undefined
        -:  163:    template <class Fn, class... ArgTypes> class result_of<Fn(ArgTypes...)>;
        -:  164:    template <class Fn, class... ArgTypes> struct invoke_result;  // C++17
        -:  165:
        -:  166:    // const-volatile modifications:
        -:  167:    template <class T>
        -:  168:      using remove_const_t    = typename remove_const<T>::type;  // C++14
        -:  169:    template <class T>
        -:  170:      using remove_volatile_t = typename remove_volatile<T>::type;  // C++14
        -:  171:    template <class T>
        -:  172:      using remove_cv_t       = typename remove_cv<T>::type;  // C++14
        -:  173:    template <class T>
        -:  174:      using add_const_t       = typename add_const<T>::type;  // C++14
        -:  175:    template <class T>
        -:  176:      using add_volatile_t    = typename add_volatile<T>::type;  // C++14
        -:  177:    template <class T>
        -:  178:      using add_cv_t          = typename add_cv<T>::type;  // C++14
        -:  179:
        -:  180:    // reference modifications:
        -:  181:    template <class T>
        -:  182:      using remove_reference_t     = typename remove_reference<T>::type;  // C++14
        -:  183:    template <class T>
        -:  184:      using add_lvalue_reference_t = typename add_lvalue_reference<T>::type;  // C++14
        -:  185:    template <class T>
        -:  186:      using add_rvalue_reference_t = typename add_rvalue_reference<T>::type;  // C++14
        -:  187:
        -:  188:    // sign modifications:
        -:  189:    template <class T>
        -:  190:      using make_signed_t   = typename make_signed<T>::type;  // C++14
        -:  191:    template <class T>
        -:  192:      using make_unsigned_t = typename make_unsigned<T>::type;  // C++14
        -:  193:
        -:  194:    // array modifications:
        -:  195:    template <class T>
        -:  196:      using remove_extent_t      = typename remove_extent<T>::type;  // C++14
        -:  197:    template <class T>
        -:  198:      using remove_all_extents_t = typename remove_all_extents<T>::type;  // C++14
        -:  199:
        -:  200:    // pointer modifications:
        -:  201:    template <class T>
        -:  202:      using remove_pointer_t = typename remove_pointer<T>::type;  // C++14
        -:  203:    template <class T>
        -:  204:      using add_pointer_t    = typename add_pointer<T>::type;  // C++14
        -:  205:
        -:  206:    // other transformations:
        -:  207:    template <size_t Len, std::size_t Align=default-alignment>
        -:  208:      using aligned_storage_t = typename aligned_storage<Len,Align>::type;  // C++14
        -:  209:    template <std::size_t Len, class... Types>
        -:  210:      using aligned_union_t   = typename aligned_union<Len,Types...>::type;  // C++14
        -:  211:    template <class T>
        -:  212:      using remove_cvref_t    = typename remove_cvref<T>::type;  // C++20
        -:  213:    template <class T>
        -:  214:      using decay_t           = typename decay<T>::type;  // C++14
        -:  215:    template <bool b, class T=void>
        -:  216:      using enable_if_t       = typename enable_if<b,T>::type;  // C++14
        -:  217:    template <bool b, class T, class F>
        -:  218:      using conditional_t     = typename conditional<b,T,F>::type;  // C++14
        -:  219:    template <class... T>
        -:  220:      using common_type_t     = typename common_type<T...>::type;  // C++14
        -:  221:    template <class T>
        -:  222:      using underlying_type_t = typename underlying_type<T>::type;  // C++14
        -:  223:    template <class T>
        -:  224:      using result_of_t       = typename result_of<T>::type;  // C++14
        -:  225:    template <class Fn, class... ArgTypes>
        -:  226:      using invoke_result_t   = typename invoke_result<Fn, ArgTypes...>::type;  // C++17
        -:  227:
        -:  228:    template <class...>
        -:  229:      using void_t = void;   // C++17
        -:  230:
        -:  231:      // See C++14 20.10.4.1, primary type categories
        -:  232:      template <class T> inline constexpr bool is_void_v
        -:  233:        = is_void<T>::value;                                             // C++17
        -:  234:      template <class T> inline constexpr bool is_null_pointer_v
        -:  235:        = is_null_pointer<T>::value;                                     // C++17
        -:  236:      template <class T> inline constexpr bool is_integral_v
        -:  237:        = is_integral<T>::value;                                         // C++17
        -:  238:      template <class T> inline constexpr bool is_floating_point_v
        -:  239:        = is_floating_point<T>::value;                                   // C++17
        -:  240:      template <class T> inline constexpr bool is_array_v
        -:  241:        = is_array<T>::value;                                            // C++17
        -:  242:      template <class T> inline constexpr bool is_pointer_v
        -:  243:        = is_pointer<T>::value;                                          // C++17
        -:  244:      template <class T> inline constexpr bool is_lvalue_reference_v
        -:  245:        = is_lvalue_reference<T>::value;                                 // C++17
        -:  246:      template <class T> inline constexpr bool is_rvalue_reference_v
        -:  247:        = is_rvalue_reference<T>::value;                                 // C++17
        -:  248:      template <class T> inline constexpr bool is_member_object_pointer_v
        -:  249:        = is_member_object_pointer<T>::value;                            // C++17
        -:  250:      template <class T> inline constexpr bool is_member_function_pointer_v
        -:  251:        = is_member_function_pointer<T>::value;                          // C++17
        -:  252:      template <class T> inline constexpr bool is_enum_v
        -:  253:        = is_enum<T>::value;                                             // C++17
        -:  254:      template <class T> inline constexpr bool is_union_v
        -:  255:        = is_union<T>::value;                                            // C++17
        -:  256:      template <class T> inline constexpr bool is_class_v
        -:  257:        = is_class<T>::value;                                            // C++17
        -:  258:      template <class T> inline constexpr bool is_function_v
        -:  259:        = is_function<T>::value;                                         // C++17
        -:  260:
        -:  261:      // See C++14 20.10.4.2, composite type categories
        -:  262:      template <class T> inline constexpr bool is_reference_v
        -:  263:        = is_reference<T>::value;                                        // C++17
        -:  264:      template <class T> inline constexpr bool is_arithmetic_v
        -:  265:        = is_arithmetic<T>::value;                                       // C++17
        -:  266:      template <class T> inline constexpr bool is_fundamental_v
        -:  267:        = is_fundamental<T>::value;                                      // C++17
        -:  268:      template <class T> inline constexpr bool is_object_v
        -:  269:        = is_object<T>::value;                                           // C++17
        -:  270:      template <class T> inline constexpr bool is_scalar_v
        -:  271:        = is_scalar<T>::value;                                           // C++17
        -:  272:      template <class T> inline constexpr bool is_compound_v
        -:  273:        = is_compound<T>::value;                                         // C++17
        -:  274:      template <class T> inline constexpr bool is_member_pointer_v
        -:  275:        = is_member_pointer<T>::value;                                   // C++17
        -:  276:
        -:  277:      // See C++14 20.10.4.3, type properties
        -:  278:      template <class T> inline constexpr bool is_const_v
        -:  279:        = is_const<T>::value;                                            // C++17
        -:  280:      template <class T> inline constexpr bool is_volatile_v
        -:  281:        = is_volatile<T>::value;                                         // C++17
        -:  282:      template <class T> inline constexpr bool is_trivial_v
        -:  283:        = is_trivial<T>::value;                                          // C++17
        -:  284:      template <class T> inline constexpr bool is_trivially_copyable_v
        -:  285:        = is_trivially_copyable<T>::value;                               // C++17
        -:  286:      template <class T> inline constexpr bool is_standard_layout_v
        -:  287:        = is_standard_layout<T>::value;                                  // C++17
        -:  288:      template <class T> inline constexpr bool is_pod_v
        -:  289:        = is_pod<T>::value;                                              // C++17
        -:  290:      template <class T> inline constexpr bool is_literal_type_v
        -:  291:        = is_literal_type<T>::value;                                     // C++17
        -:  292:      template <class T> inline constexpr bool is_empty_v
        -:  293:        = is_empty<T>::value;                                            // C++17
        -:  294:      template <class T> inline constexpr bool is_polymorphic_v
        -:  295:        = is_polymorphic<T>::value;                                      // C++17
        -:  296:      template <class T> inline constexpr bool is_abstract_v
        -:  297:        = is_abstract<T>::value;                                         // C++17
        -:  298:      template <class T> inline constexpr bool is_final_v
        -:  299:        = is_final<T>::value;                                            // C++17
        -:  300:      template <class T> inline constexpr bool is_aggregate_v
        -:  301:        = is_aggregate<T>::value;                                        // C++17
        -:  302:      template <class T> inline constexpr bool is_signed_v
        -:  303:        = is_signed<T>::value;                                           // C++17
        -:  304:      template <class T> inline constexpr bool is_unsigned_v
        -:  305:        = is_unsigned<T>::value;                                         // C++17
        -:  306:      template <class T, class... Args> inline constexpr bool is_constructible_v
        -:  307:        = is_constructible<T, Args...>::value;                           // C++17
        -:  308:      template <class T> inline constexpr bool is_default_constructible_v
        -:  309:        = is_default_constructible<T>::value;                            // C++17
        -:  310:      template <class T> inline constexpr bool is_copy_constructible_v
        -:  311:        = is_copy_constructible<T>::value;                               // C++17
        -:  312:      template <class T> inline constexpr bool is_move_constructible_v
        -:  313:        = is_move_constructible<T>::value;                               // C++17
        -:  314:      template <class T, class U> inline constexpr bool is_assignable_v
        -:  315:        = is_assignable<T, U>::value;                                    // C++17
        -:  316:      template <class T> inline constexpr bool is_copy_assignable_v
        -:  317:        = is_copy_assignable<T>::value;                                  // C++17
        -:  318:      template <class T> inline constexpr bool is_move_assignable_v
        -:  319:        = is_move_assignable<T>::value;                                  // C++17
        -:  320:      template <class T, class U> inline constexpr bool is_swappable_with_v
        -:  321:        = is_swappable_with<T, U>::value;                                // C++17
        -:  322:      template <class T> inline constexpr bool is_swappable_v
        -:  323:        = is_swappable<T>::value;                                        // C++17
        -:  324:      template <class T> inline constexpr bool is_destructible_v
        -:  325:        = is_destructible<T>::value;                                     // C++17
        -:  326:      template <class T, class... Args> inline constexpr bool is_trivially_constructible_v
        -:  327:        = is_trivially_constructible<T, Args...>::value;                 // C++17
        -:  328:      template <class T> inline constexpr bool is_trivially_default_constructible_v
        -:  329:        = is_trivially_default_constructible<T>::value;                  // C++17
        -:  330:      template <class T> inline constexpr bool is_trivially_copy_constructible_v
        -:  331:        = is_trivially_copy_constructible<T>::value;                     // C++17
        -:  332:      template <class T> inline constexpr bool is_trivially_move_constructible_v
        -:  333:        = is_trivially_move_constructible<T>::value;                     // C++17
        -:  334:      template <class T, class U> inline constexpr bool is_trivially_assignable_v
        -:  335:        = is_trivially_assignable<T, U>::value;                          // C++17
        -:  336:      template <class T> inline constexpr bool is_trivially_copy_assignable_v
        -:  337:        = is_trivially_copy_assignable<T>::value;                        // C++17
        -:  338:      template <class T> inline constexpr bool is_trivially_move_assignable_v
        -:  339:        = is_trivially_move_assignable<T>::value;                        // C++17
        -:  340:      template <class T> inline constexpr bool is_trivially_destructible_v
        -:  341:        = is_trivially_destructible<T>::value;                           // C++17
        -:  342:      template <class T, class... Args> inline constexpr bool is_nothrow_constructible_v
        -:  343:        = is_nothrow_constructible<T, Args...>::value;                   // C++17
        -:  344:      template <class T> inline constexpr bool is_nothrow_default_constructible_v
        -:  345:        = is_nothrow_default_constructible<T>::value;                    // C++17
        -:  346:      template <class T> inline constexpr bool is_nothrow_copy_constructible_v
        -:  347:        = is_nothrow_copy_constructible<T>::value;                       // C++17
        -:  348:      template <class T> inline constexpr bool is_nothrow_move_constructible_v
        -:  349:        = is_nothrow_move_constructible<T>::value;                       // C++17
        -:  350:      template <class T, class U> inline constexpr bool is_nothrow_assignable_v
        -:  351:        = is_nothrow_assignable<T, U>::value;                            // C++17
        -:  352:      template <class T> inline constexpr bool is_nothrow_copy_assignable_v
        -:  353:        = is_nothrow_copy_assignable<T>::value;                          // C++17
        -:  354:      template <class T> inline constexpr bool is_nothrow_move_assignable_v
        -:  355:        = is_nothrow_move_assignable<T>::value;                          // C++17
        -:  356:      template <class T, class U> inline constexpr bool is_nothrow_swappable_with_v
        -:  357:        = is_nothrow_swappable_with<T, U>::value;                       // C++17
        -:  358:      template <class T> inline constexpr bool is_nothrow_swappable_v
        -:  359:        = is_nothrow_swappable<T>::value;                               // C++17
        -:  360:      template <class T> inline constexpr bool is_nothrow_destructible_v
        -:  361:        = is_nothrow_destructible<T>::value;                             // C++17
        -:  362:      template <class T> inline constexpr bool has_virtual_destructor_v
        -:  363:        = has_virtual_destructor<T>::value;                              // C++17
        -:  364:      template<class T> inline constexpr bool has_unique_object_representations_v // C++17
        -:  365:        = has_unique_object_representations<T>::value;
        -:  366:
        -:  367:      // See C++14 20.10.5, type property queries
        -:  368:      template <class T> inline constexpr size_t alignment_of_v
        -:  369:        = alignment_of<T>::value;                                        // C++17
        -:  370:      template <class T> inline constexpr size_t rank_v
        -:  371:        = rank<T>::value;                                                // C++17
        -:  372:      template <class T, unsigned I = 0> inline constexpr size_t extent_v
        -:  373:        = extent<T, I>::value;                                           // C++17
        -:  374:
        -:  375:      // See C++14 20.10.6, type relations
        -:  376:      template <class T, class U> inline constexpr bool is_same_v
        -:  377:        = is_same<T, U>::value;                                          // C++17
        -:  378:      template <class Base, class Derived> inline constexpr bool is_base_of_v
        -:  379:        = is_base_of<Base, Derived>::value;                              // C++17
        -:  380:      template <class From, class To> inline constexpr bool is_convertible_v
        -:  381:        = is_convertible<From, To>::value;                               // C++17
        -:  382:      template <class Fn, class... ArgTypes> inline constexpr bool is_invocable_v
        -:  383:        = is_invocable<Fn, ArgTypes...>::value;                          // C++17
        -:  384:      template <class R, class Fn, class... ArgTypes> inline constexpr bool is_invocable_r_v
        -:  385:        = is_invocable_r<R, Fn, ArgTypes...>::value;                     // C++17
        -:  386:      template <class Fn, class... ArgTypes> inline constexpr bool is_nothrow_invocable_v
        -:  387:        = is_nothrow_invocable<Fn, ArgTypes...>::value;                  // C++17
        -:  388:      template <class R, class Fn, class... ArgTypes> inline constexpr bool is_nothrow_invocable_r_v
        -:  389:        = is_nothrow_invocable_r<R, Fn, ArgTypes...>::value;             // C++17
        -:  390:
        -:  391:      // [meta.logical], logical operator traits:
        -:  392:      template<class... B> struct conjunction;                           // C++17
        -:  393:      template<class... B>
        -:  394:        inline constexpr bool conjunction_v = conjunction<B...>::value;  // C++17
        -:  395:      template<class... B> struct disjunction;                           // C++17
        -:  396:      template<class... B>
        -:  397:        inline constexpr bool disjunction_v = disjunction<B...>::value;  // C++17
        -:  398:      template<class B> struct negation;                                 // C++17
        -:  399:      template<class B>
        -:  400:        inline constexpr bool negation_v = negation<B>::value;           // C++17
        -:  401:
        -:  402:}
        -:  403:
        -:  404:*/
        -:  405:#include <__config>
        -:  406:#include <cstddef>
        -:  407:#include <__cxx_version>
        -:  408:
        -:  409:#if !defined(_LIBCPP_HAS_NO_PRAGMA_SYSTEM_HEADER)
        -:  410:#pragma GCC system_header
        -:  411:#endif
        -:  412:
        -:  413:_LIBCPP_BEGIN_NAMESPACE_STD
        -:  414:
        -:  415:template <class _T1, class _T2> struct _LIBCPP_TEMPLATE_VIS pair;
        -:  416:template <class _Tp> class _LIBCPP_TEMPLATE_VIS reference_wrapper;
        -:  417:template <class _Tp> struct _LIBCPP_TEMPLATE_VIS hash;
        -:  418:
        -:  419:template <class>
        -:  420:struct __void_t { typedef void type; };
        -:  421:
        -:  422:template <class _Tp>
        -:  423:struct __identity { typedef _Tp type; };
        -:  424:
        -:  425:template <class _Tp, bool>
        -:  426:struct _LIBCPP_TEMPLATE_VIS __dependent_type : public _Tp {};
        -:  427:
        -:  428:template <bool _Bp, class _If, class _Then>
        -:  429:    struct _LIBCPP_TEMPLATE_VIS conditional {typedef _If type;};
        -:  430:template <class _If, class _Then>
        -:  431:    struct _LIBCPP_TEMPLATE_VIS conditional<false, _If, _Then> {typedef _Then type;};
        -:  432:
        -:  433:#if _LIBCPP_STD_VER > 11
        -:  434:template <bool _Bp, class _If, class _Then> using conditional_t = typename conditional<_Bp, _If, _Then>::type;
        -:  435:#endif
        -:  436:
        -:  437:template <bool, class _Tp> struct _LIBCPP_TEMPLATE_VIS __lazy_enable_if {};
        -:  438:template <class _Tp> struct _LIBCPP_TEMPLATE_VIS __lazy_enable_if<true, _Tp> {typedef typename _Tp::type type;};
        -:  439:
        -:  440:template <bool, class _Tp = void> struct _LIBCPP_TEMPLATE_VIS enable_if {};
        -:  441:template <class _Tp> struct _LIBCPP_TEMPLATE_VIS enable_if<true, _Tp> {typedef _Tp type;};
        -:  442:
        -:  443:#if _LIBCPP_STD_VER > 11
        -:  444:template <bool _Bp, class _Tp = void> using enable_if_t = typename enable_if<_Bp, _Tp>::type;
        -:  445:#endif
        -:  446:
        -:  447:// addressof
        -:  448:#ifndef _LIBCPP_HAS_NO_BUILTIN_ADDRESSOF
        -:  449:
        -:  450:template <class _Tp>
        -:  451:inline _LIBCPP_CONSTEXPR_AFTER_CXX14
        -:  452:_LIBCPP_NO_CFI _LIBCPP_INLINE_VISIBILITY
        -:  453:_Tp*
    #####:  454:addressof(_Tp& __x) _NOEXCEPT
    $$$$$:  454-block  0
        -:  455:{
    #####:  456:    return __builtin_addressof(__x);
    $$$$$:  456-block  0
        -:  457:}
        -:  458:
        -:  459:#else
        -:  460:
        -:  461:template <class _Tp>
        -:  462:inline _LIBCPP_NO_CFI _LIBCPP_INLINE_VISIBILITY
        -:  463:_Tp*
        -:  464:addressof(_Tp& __x) _NOEXCEPT
        -:  465:{
        -:  466:  return reinterpret_cast<_Tp *>(
        -:  467:      const_cast<char *>(&reinterpret_cast<const volatile char &>(__x)));
        -:  468:}
        -:  469:
        -:  470:#endif // _LIBCPP_HAS_NO_BUILTIN_ADDRESSOF
        -:  471:
        -:  472:#if defined(_LIBCPP_HAS_OBJC_ARC) && !defined(_LIBCPP_PREDEFINED_OBJC_ARC_ADDRESSOF)
        -:  473:// Objective-C++ Automatic Reference Counting uses qualified pointers
        -:  474:// that require special addressof() signatures. When
        -:  475:// _LIBCPP_PREDEFINED_OBJC_ARC_ADDRESSOF is defined, the compiler
        -:  476:// itself is providing these definitions. Otherwise, we provide them.
        -:  477:template <class _Tp>
        -:  478:inline _LIBCPP_INLINE_VISIBILITY
        -:  479:__strong _Tp*
        -:  480:addressof(__strong _Tp& __x) _NOEXCEPT
        -:  481:{
        -:  482:  return &__x;
        -:  483:}
        -:  484:
        -:  485:#ifdef _LIBCPP_HAS_OBJC_ARC_WEAK
        -:  486:template <class _Tp>
        -:  487:inline _LIBCPP_INLINE_VISIBILITY
        -:  488:__weak _Tp*
        -:  489:addressof(__weak _Tp& __x) _NOEXCEPT
        -:  490:{
        -:  491:  return &__x;
        -:  492:}
        -:  493:#endif
        -:  494:
        -:  495:template <class _Tp>
        -:  496:inline _LIBCPP_INLINE_VISIBILITY
        -:  497:__autoreleasing _Tp*
        -:  498:addressof(__autoreleasing _Tp& __x) _NOEXCEPT
        -:  499:{
        -:  500:  return &__x;
        -:  501:}
        -:  502:
        -:  503:template <class _Tp>
        -:  504:inline _LIBCPP_INLINE_VISIBILITY
        -:  505:__unsafe_unretained _Tp*
        -:  506:addressof(__unsafe_unretained _Tp& __x) _NOEXCEPT
        -:  507:{
        -:  508:  return &__x;
        -:  509:}
        -:  510:#endif
        -:  511:
        -:  512:#if !defined(_LIBCPP_CXX03_LANG)
        -:  513:template <class _Tp> _Tp* addressof(const _Tp&&) noexcept = delete;
        -:  514:#endif
        -:  515:
        -:  516:struct __two {char __lx[2];};
        -:  517:
        -:  518:// helper class:
        -:  519:
        -:  520:template <class _Tp, _Tp __v>
        -:  521:struct _LIBCPP_TEMPLATE_VIS integral_constant
        -:  522:{
        -:  523:    static _LIBCPP_CONSTEXPR const _Tp      value = __v;
        -:  524:    typedef _Tp               value_type;
        -:  525:    typedef integral_constant type;
        -:  526:    _LIBCPP_INLINE_VISIBILITY
        -:  527:        _LIBCPP_CONSTEXPR operator value_type() const _NOEXCEPT {return value;}
        -:  528:#if _LIBCPP_STD_VER > 11
        -:  529:    _LIBCPP_INLINE_VISIBILITY
        -:  530:         constexpr value_type operator ()() const _NOEXCEPT {return value;}
        -:  531:#endif
        -:  532:};
        -:  533:
        -:  534:template <class _Tp, _Tp __v>
        -:  535:_LIBCPP_CONSTEXPR const _Tp integral_constant<_Tp, __v>::value;
        -:  536:
        -:  537:#if _LIBCPP_STD_VER > 14
        -:  538:template <bool __b>
        -:  539:using bool_constant = integral_constant<bool, __b>;
        -:  540:#define _LIBCPP_BOOL_CONSTANT(__b) bool_constant<(__b)>
        -:  541:#else
        -:  542:#define _LIBCPP_BOOL_CONSTANT(__b) integral_constant<bool,(__b)>
        -:  543:#endif
        -:  544:
        -:  545:typedef _LIBCPP_BOOL_CONSTANT(true)  true_type;
        -:  546:typedef _LIBCPP_BOOL_CONSTANT(false) false_type;
        -:  547:
        -:  548:#if !defined(_LIBCPP_CXX03_LANG)
        -:  549:
        -:  550:// __lazy_and
        -:  551:
        -:  552:template <bool _Last, class ..._Preds>
        -:  553:struct __lazy_and_impl;
        -:  554:
        -:  555:template <class ..._Preds>
        -:  556:struct __lazy_and_impl<false, _Preds...> : false_type {};
        -:  557:
        -:  558:template <>
        -:  559:struct __lazy_and_impl<true> : true_type {};
        -:  560:
        -:  561:template <class _Pred>
        -:  562:struct __lazy_and_impl<true, _Pred> : integral_constant<bool, _Pred::type::value> {};
        -:  563:
        -:  564:template <class _Hp, class ..._Tp>
        -:  565:struct __lazy_and_impl<true, _Hp, _Tp...> : __lazy_and_impl<_Hp::type::value, _Tp...> {};
        -:  566:
        -:  567:template <class _P1, class ..._Pr>
        -:  568:struct __lazy_and : __lazy_and_impl<_P1::type::value, _Pr...> {};
        -:  569:
        -:  570:// __lazy_or
        -:  571:
        -:  572:template <bool _List, class ..._Preds>
        -:  573:struct __lazy_or_impl;
        -:  574:
        -:  575:template <class ..._Preds>
        -:  576:struct __lazy_or_impl<true, _Preds...> : true_type {};
        -:  577:
        -:  578:template <>
        -:  579:struct __lazy_or_impl<false> : false_type {};
        -:  580:
        -:  581:template <class _Hp, class ..._Tp>
        -:  582:struct __lazy_or_impl<false, _Hp, _Tp...>
        -:  583:        : __lazy_or_impl<_Hp::type::value, _Tp...> {};
        -:  584:
        -:  585:template <class _P1, class ..._Pr>
        -:  586:struct __lazy_or : __lazy_or_impl<_P1::type::value, _Pr...> {};
        -:  587:
        -:  588:// __lazy_not
        -:  589:
        -:  590:template <class _Pred>
        -:  591:struct __lazy_not : integral_constant<bool, !_Pred::type::value> {};
        -:  592:
        -:  593:// __and_
        -:  594:template<class...> struct __and_;
        -:  595:template<> struct __and_<> : true_type {};
        -:  596:
        -:  597:template<class _B0> struct __and_<_B0> : _B0 {};
        -:  598:
        -:  599:template<class _B0, class _B1>
        -:  600:struct __and_<_B0, _B1> : conditional<_B0::value, _B1, _B0>::type {};
        -:  601:
        -:  602:template<class _B0, class _B1, class _B2, class... _Bn>
        -:  603:struct __and_<_B0, _B1, _B2, _Bn...>
        -:  604:        : conditional<_B0::value, __and_<_B1, _B2, _Bn...>, _B0>::type {};
        -:  605:
        -:  606:// __or_
        -:  607:template<class...> struct __or_;
        -:  608:template<> struct __or_<> : false_type {};
        -:  609:
        -:  610:template<class _B0> struct __or_<_B0> : _B0 {};
        -:  611:
        -:  612:template<class _B0, class _B1>
        -:  613:struct __or_<_B0, _B1> : conditional<_B0::value, _B0, _B1>::type {};
        -:  614:
        -:  615:template<class _B0, class _B1, class _B2, class... _Bn>
        -:  616:struct __or_<_B0, _B1, _B2, _Bn...>
        -:  617:        : conditional<_B0::value, _B0, __or_<_B1, _B2, _Bn...> >::type {};
        -:  618:
        -:  619:// __not_
        -:  620:template<class _Tp>
        -:  621:struct __not_ : conditional<_Tp::value, false_type, true_type>::type {};
        -:  622:
        -:  623:#endif // !defined(_LIBCPP_CXX03_LANG)
        -:  624:
        -:  625:// is_const
        -:  626:
        -:  627:template <class _Tp> struct _LIBCPP_TEMPLATE_VIS is_const            : public false_type {};
        -:  628:template <class _Tp> struct _LIBCPP_TEMPLATE_VIS is_const<_Tp const> : public true_type {};
        -:  629:
        -:  630:#if _LIBCPP_STD_VER > 14 && !defined(_LIBCPP_HAS_NO_VARIABLE_TEMPLATES)
        -:  631:template <class _Tp>
        -:  632:_LIBCPP_INLINE_VAR _LIBCPP_CONSTEXPR bool is_const_v
        -:  633:    = is_const<_Tp>::value;
        -:  634:#endif
        -:  635:
        -:  636:// is_volatile
        -:  637:
        -:  638:template <class _Tp> struct _LIBCPP_TEMPLATE_VIS is_volatile               : public false_type {};
        -:  639:template <class _Tp> struct _LIBCPP_TEMPLATE_VIS is_volatile<_Tp volatile> : public true_type {};
        -:  640:
        -:  641:#if _LIBCPP_STD_VER > 14 && !defined(_LIBCPP_HAS_NO_VARIABLE_TEMPLATES)
        -:  642:template <class _Tp>
        -:  643:_LIBCPP_INLINE_VAR _LIBCPP_CONSTEXPR bool is_volatile_v
        -:  644:    = is_volatile<_Tp>::value;
        -:  645:#endif
        -:  646:
        -:  647:// remove_const
        -:  648:
        -:  649:template <class _Tp> struct _LIBCPP_TEMPLATE_VIS remove_const            {typedef _Tp type;};
        -:  650:template <class _Tp> struct _LIBCPP_TEMPLATE_VIS remove_const<const _Tp> {typedef _Tp type;};
        -:  651:#if _LIBCPP_STD_VER > 11
        -:  652:template <class _Tp> using remove_const_t = typename remove_const<_Tp>::type;
        -:  653:#endif
        -:  654:
        -:  655:// remove_volatile
        -:  656:
        -:  657:template <class _Tp> struct _LIBCPP_TEMPLATE_VIS remove_volatile               {typedef _Tp type;};
        -:  658:template <class _Tp> struct _LIBCPP_TEMPLATE_VIS remove_volatile<volatile _Tp> {typedef _Tp type;};
        -:  659:#if _LIBCPP_STD_VER > 11
        -:  660:template <class _Tp> using remove_volatile_t = typename remove_volatile<_Tp>::type;
        -:  661:#endif
        -:  662:
        -:  663:// remove_cv
        -:  664:
        -:  665:template <class _Tp> struct _LIBCPP_TEMPLATE_VIS remove_cv
        -:  666:{typedef typename remove_volatile<typename remove_const<_Tp>::type>::type type;};
        -:  667:#if _LIBCPP_STD_VER > 11
        -:  668:template <class _Tp> using remove_cv_t = typename remove_cv<_Tp>::type;
        -:  669:#endif
        -:  670:
        -:  671:// is_void
        -:  672:
        -:  673:template <class _Tp> struct __libcpp_is_void       : public false_type {};
        -:  674:template <>          struct __libcpp_is_void<void> : public true_type {};
        -:  675:
        -:  676:template <class _Tp> struct _LIBCPP_TEMPLATE_VIS is_void
        -:  677:    : public __libcpp_is_void<typename remove_cv<_Tp>::type> {};
        -:  678:
        -:  679:#if _LIBCPP_STD_VER > 14 && !defined(_LIBCPP_HAS_NO_VARIABLE_TEMPLATES)
        -:  680:template <class _Tp>
        -:  681:_LIBCPP_INLINE_VAR _LIBCPP_CONSTEXPR bool is_void_v
        -:  682:    = is_void<_Tp>::value;
        -:  683:#endif
        -:  684:
        -:  685:// __is_nullptr_t
        -:  686:
        -:  687:template <class _Tp> struct __is_nullptr_t_impl       : public false_type {};
        -:  688:template <>          struct __is_nullptr_t_impl<nullptr_t> : public true_type {};
        -:  689:
        -:  690:template <class _Tp> struct _LIBCPP_TEMPLATE_VIS __is_nullptr_t
        -:  691:    : public __is_nullptr_t_impl<typename remove_cv<_Tp>::type> {};
        -:  692:
        -:  693:#if _LIBCPP_STD_VER > 11
        -:  694:template <class _Tp> struct _LIBCPP_TEMPLATE_VIS is_null_pointer
        -:  695:    : public __is_nullptr_t_impl<typename remove_cv<_Tp>::type> {};
        -:  696:
        -:  697:#if _LIBCPP_STD_VER > 14 && !defined(_LIBCPP_HAS_NO_VARIABLE_TEMPLATES)
        -:  698:template <class _Tp>
        -:  699:_LIBCPP_INLINE_VAR _LIBCPP_CONSTEXPR bool is_null_pointer_v
        -:  700:    = is_null_pointer<_Tp>::value;
        -:  701:#endif
        -:  702:#endif
        -:  703:
        -:  704:// is_integral
        -:  705:
        -:  706:template <class _Tp> struct __libcpp_is_integral                     : public false_type {};
        -:  707:template <>          struct __libcpp_is_integral<bool>               : public true_type {};
        -:  708:template <>          struct __libcpp_is_integral<char>               : public true_type {};
        -:  709:template <>          struct __libcpp_is_integral<signed char>        : public true_type {};
        -:  710:template <>          struct __libcpp_is_integral<unsigned char>      : public true_type {};
        -:  711:template <>          struct __libcpp_is_integral<wchar_t>            : public true_type {};
        -:  712:#ifndef _LIBCPP_NO_HAS_CHAR8_T
        -:  713:template <>          struct __libcpp_is_integral<char8_t>            : public true_type {};
        -:  714:#endif
        -:  715:#ifndef _LIBCPP_HAS_NO_UNICODE_CHARS
        -:  716:template <>          struct __libcpp_is_integral<char16_t>           : public true_type {};
        -:  717:template <>          struct __libcpp_is_integral<char32_t>           : public true_type {};
        -:  718:#endif  // _LIBCPP_HAS_NO_UNICODE_CHARS
        -:  719:template <>          struct __libcpp_is_integral<short>              : public true_type {};
        -:  720:template <>          struct __libcpp_is_integral<unsigned short>     : public true_type {};
        -:  721:template <>          struct __libcpp_is_integral<int>                : public true_type {};
        -:  722:template <>          struct __libcpp_is_integral<unsigned int>       : public true_type {};
        -:  723:template <>          struct __libcpp_is_integral<long>               : public true_type {};
        -:  724:template <>          struct __libcpp_is_integral<unsigned long>      : public true_type {};
        -:  725:template <>          struct __libcpp_is_integral<long long>          : public true_type {};
        -:  726:template <>          struct __libcpp_is_integral<unsigned long long> : public true_type {};
        -:  727:#ifndef _LIBCPP_HAS_NO_INT128
        -:  728:template <>          struct __libcpp_is_integral<__int128_t>         : public true_type {};
        -:  729:template <>          struct __libcpp_is_integral<__uint128_t>        : public true_type {};
        -:  730:#endif
        -:  731:
        -:  732:template <class _Tp> struct _LIBCPP_TEMPLATE_VIS is_integral
        -:  733:    : public __libcpp_is_integral<typename remove_cv<_Tp>::type> {};
        -:  734:
        -:  735:#if _LIBCPP_STD_VER > 14 && !defined(_LIBCPP_HAS_NO_VARIABLE_TEMPLATES)
        -:  736:template <class _Tp>
        -:  737:_LIBCPP_INLINE_VAR _LIBCPP_CONSTEXPR bool is_integral_v
        -:  738:    = is_integral<_Tp>::value;
        -:  739:#endif
        -:  740:
        -:  741:// is_floating_point
        -:  742:
        -:  743:template <class _Tp> struct __libcpp_is_floating_point              : public false_type {};
        -:  744:template <>          struct __libcpp_is_floating_point<float>       : public true_type {};
        -:  745:template <>          struct __libcpp_is_floating_point<double>      : public true_type {};
        -:  746:template <>          struct __libcpp_is_floating_point<long double> : public true_type {};
        -:  747:
        -:  748:template <class _Tp> struct _LIBCPP_TEMPLATE_VIS is_floating_point
        -:  749:    : public __libcpp_is_floating_point<typename remove_cv<_Tp>::type> {};
        -:  750:
        -:  751:#if _LIBCPP_STD_VER > 14 && !defined(_LIBCPP_HAS_NO_VARIABLE_TEMPLATES)
        -:  752:template <class _Tp>
        -:  753:_LIBCPP_INLINE_VAR _LIBCPP_CONSTEXPR bool is_floating_point_v
        -:  754:    = is_floating_point<_Tp>::value;
        -:  755:#endif
        -:  756:
        -:  757:// is_array
        -:  758:
        -:  759:template <class _Tp> struct _LIBCPP_TEMPLATE_VIS is_array
        -:  760:    : public false_type {};
        -:  761:template <class _Tp> struct _LIBCPP_TEMPLATE_VIS is_array<_Tp[]>
        -:  762:    : public true_type {};
        -:  763:template <class _Tp, size_t _Np> struct _LIBCPP_TEMPLATE_VIS is_array<_Tp[_Np]>
        -:  764:    : public true_type {};
        -:  765:
        -:  766:#if _LIBCPP_STD_VER > 14 && !defined(_LIBCPP_HAS_NO_VARIABLE_TEMPLATES)
        -:  767:template <class _Tp>
        -:  768:_LIBCPP_INLINE_VAR _LIBCPP_CONSTEXPR bool is_array_v
        -:  769:    = is_array<_Tp>::value;
        -:  770:#endif
        -:  771:
        -:  772:// is_pointer
        -:  773:
        -:  774:template <class _Tp> struct __libcpp_is_pointer       : public false_type {};
        -:  775:template <class _Tp> struct __libcpp_is_pointer<_Tp*> : public true_type {};
        -:  776:
        -:  777:template <class _Tp> struct __libcpp_remove_objc_qualifiers { typedef _Tp type; };
        -:  778:#if defined(_LIBCPP_HAS_OBJC_ARC)
        -:  779:template <class _Tp> struct __libcpp_remove_objc_qualifiers<_Tp __strong> { typedef _Tp type; };
        -:  780:template <class _Tp> struct __libcpp_remove_objc_qualifiers<_Tp __weak> { typedef _Tp type; };
        -:  781:template <class _Tp> struct __libcpp_remove_objc_qualifiers<_Tp __autoreleasing> { typedef _Tp type; };
        -:  782:template <class _Tp> struct __libcpp_remove_objc_qualifiers<_Tp __unsafe_unretained> { typedef _Tp type; };
        -:  783:#endif
        -:  784:
        -:  785:template <class _Tp> struct _LIBCPP_TEMPLATE_VIS is_pointer
        -:  786:    : public __libcpp_is_pointer<typename __libcpp_remove_objc_qualifiers<typename remove_cv<_Tp>::type>::type> {};
        -:  787:
        -:  788:#if _LIBCPP_STD_VER > 14 && !defined(_LIBCPP_HAS_NO_VARIABLE_TEMPLATES)
        -:  789:template <class _Tp>
        -:  790:_LIBCPP_INLINE_VAR _LIBCPP_CONSTEXPR bool is_pointer_v
        -:  791:    = is_pointer<_Tp>::value;
        -:  792:#endif
        -:  793:
        -:  794:// is_reference
        -:  795:
        -:  796:template <class _Tp> struct _LIBCPP_TEMPLATE_VIS is_lvalue_reference       : public false_type {};
        -:  797:template <class _Tp> struct _LIBCPP_TEMPLATE_VIS is_lvalue_reference<_Tp&> : public true_type {};
        -:  798:
        -:  799:template <class _Tp> struct _LIBCPP_TEMPLATE_VIS is_rvalue_reference        : public false_type {};
        -:  800:#ifndef _LIBCPP_HAS_NO_RVALUE_REFERENCES
        -:  801:template <class _Tp> struct _LIBCPP_TEMPLATE_VIS is_rvalue_reference<_Tp&&> : public true_type {};
        -:  802:#endif
        -:  803:
        -:  804:template <class _Tp> struct _LIBCPP_TEMPLATE_VIS is_reference        : public false_type {};
        -:  805:template <class _Tp> struct _LIBCPP_TEMPLATE_VIS is_reference<_Tp&>  : public true_type {};
        -:  806:#ifndef _LIBCPP_HAS_NO_RVALUE_REFERENCES
        -:  807:template <class _Tp> struct _LIBCPP_TEMPLATE_VIS is_reference<_Tp&&> : public true_type {};
        -:  808:#endif
        -:  809:
        -:  810:#if _LIBCPP_STD_VER > 14 && !defined(_LIBCPP_HAS_NO_VARIABLE_TEMPLATES)
        -:  811:template <class _Tp>
        -:  812:_LIBCPP_INLINE_VAR _LIBCPP_CONSTEXPR bool is_reference_v
        -:  813:    = is_reference<_Tp>::value;
        -:  814:
        -:  815:template <class _Tp>
        -:  816:_LIBCPP_INLINE_VAR _LIBCPP_CONSTEXPR bool is_lvalue_reference_v
        -:  817:    = is_lvalue_reference<_Tp>::value;
        -:  818:
        -:  819:template <class _Tp>
        -:  820:_LIBCPP_INLINE_VAR _LIBCPP_CONSTEXPR bool is_rvalue_reference_v
        -:  821:    = is_rvalue_reference<_Tp>::value;
        -:  822:#endif
        -:  823:// is_union
        -:  824:
        -:  825:#if __has_feature(is_union) || (_GNUC_VER >= 403)
        -:  826:
        -:  827:template <class _Tp> struct _LIBCPP_TEMPLATE_VIS is_union
        -:  828:    : public integral_constant<bool, __is_union(_Tp)> {};
        -:  829:
        -:  830:#else
        -:  831:
        -:  832:template <class _Tp> struct __libcpp_union : public false_type {};
        -:  833:template <class _Tp> struct _LIBCPP_TEMPLATE_VIS is_union
        -:  834:    : public __libcpp_union<typename remove_cv<_Tp>::type> {};
        -:  835:
        -:  836:#endif
        -:  837:
        -:  838:#if _LIBCPP_STD_VER > 14 && !defined(_LIBCPP_HAS_NO_VARIABLE_TEMPLATES)
        -:  839:template <class _Tp>
        -:  840:_LIBCPP_INLINE_VAR _LIBCPP_CONSTEXPR bool is_union_v
        -:  841:    = is_union<_Tp>::value;
        -:  842:#endif
        -:  843:
        -:  844:// is_class
        -:  845:
        -:  846:#if __has_feature(is_class) || (_GNUC_VER >= 403)
        -:  847:
        -:  848:template <class _Tp> struct _LIBCPP_TEMPLATE_VIS is_class
        -:  849:    : public integral_constant<bool, __is_class(_Tp)> {};
        -:  850:
        -:  851:#else
        -:  852:
        -:  853:namespace __is_class_imp
        -:  854:{
        -:  855:template <class _Tp> char  __test(int _Tp::*);
        -:  856:template <class _Tp> __two __test(...);
        -:  857:}
        -:  858:
        -:  859:template <class _Tp> struct _LIBCPP_TEMPLATE_VIS is_class
        -:  860:    : public integral_constant<bool, sizeof(__is_class_imp::__test<_Tp>(0)) == 1 && !is_union<_Tp>::value> {};
        -:  861:
        -:  862:#endif
        -:  863:
        -:  864:#if _LIBCPP_STD_VER > 14 && !defined(_LIBCPP_HAS_NO_VARIABLE_TEMPLATES)
        -:  865:template <class _Tp>
        -:  866:_LIBCPP_INLINE_VAR _LIBCPP_CONSTEXPR bool is_class_v
        -:  867:    = is_class<_Tp>::value;
        -:  868:#endif
        -:  869:
        -:  870:// is_same
        -:  871:
        -:  872:template <class _Tp, class _Up> struct _LIBCPP_TEMPLATE_VIS is_same           : public false_type {};
        -:  873:template <class _Tp>            struct _LIBCPP_TEMPLATE_VIS is_same<_Tp, _Tp> : public true_type {};
        -:  874:
        -:  875:#if _LIBCPP_STD_VER > 14 && !defined(_LIBCPP_HAS_NO_VARIABLE_TEMPLATES)
        -:  876:template <class _Tp, class _Up>
        -:  877:_LIBCPP_INLINE_VAR _LIBCPP_CONSTEXPR bool is_same_v
        -:  878:    = is_same<_Tp, _Up>::value;
        -:  879:#endif
        -:  880:
        -:  881:// is_function
        -:  882:
        -:  883:namespace __libcpp_is_function_imp
        -:  884:{
        -:  885:struct __dummy_type {};
        -:  886:template <class _Tp> char  __test(_Tp*);
        -:  887:template <class _Tp> char __test(__dummy_type);
        -:  888:template <class _Tp> __two __test(...);
        -:  889:template <class _Tp> _Tp&  __source(int);
        -:  890:template <class _Tp> __dummy_type __source(...);
        -:  891:}
        -:  892:
        -:  893:template <class _Tp, bool = is_class<_Tp>::value ||
        -:  894:                            is_union<_Tp>::value ||
        -:  895:                            is_void<_Tp>::value  ||
        -:  896:                            is_reference<_Tp>::value ||
        -:  897:                            __is_nullptr_t<_Tp>::value >
        -:  898:struct __libcpp_is_function
        -:  899:    : public integral_constant<bool, sizeof(__libcpp_is_function_imp::__test<_Tp>(__libcpp_is_function_imp::__source<_Tp>(0))) == 1>
        -:  900:    {};
        -:  901:template <class _Tp> struct __libcpp_is_function<_Tp, true> : public false_type {};
        -:  902:
        -:  903:template <class _Tp> struct _LIBCPP_TEMPLATE_VIS is_function
        -:  904:    : public __libcpp_is_function<_Tp> {};
        -:  905:
        -:  906:#if _LIBCPP_STD_VER > 14 && !defined(_LIBCPP_HAS_NO_VARIABLE_TEMPLATES)
        -:  907:template <class _Tp>
        -:  908:_LIBCPP_INLINE_VAR _LIBCPP_CONSTEXPR bool is_function_v
        -:  909:    = is_function<_Tp>::value;
        -:  910:#endif
        -:  911:
        -:  912:// is_member_function_pointer
        -:  913:
        -:  914:// template <class _Tp> struct            __libcpp_is_member_function_pointer             : public false_type {};
        -:  915:// template <class _Tp, class _Up> struct __libcpp_is_member_function_pointer<_Tp _Up::*> : public is_function<_Tp> {};
        -:  916://
        -:  917:
        -:  918:template <class _MP, bool _IsMemberFunctionPtr, bool _IsMemberObjectPtr>
        -:  919:struct __member_pointer_traits_imp
        -:  920:{  // forward declaration; specializations later
        -:  921:};
        -:  922:
        -:  923:
        -:  924:template <class _Tp> struct __libcpp_is_member_function_pointer
        -:  925:    : public false_type {};
        -:  926:
        -:  927:template <class _Ret, class _Class>
        -:  928:struct __libcpp_is_member_function_pointer<_Ret _Class::*>
        -:  929:    : public is_function<_Ret> {};
        -:  930:
        -:  931:template <class _Tp> struct _LIBCPP_TEMPLATE_VIS is_member_function_pointer
        -:  932:    : public __libcpp_is_member_function_pointer<typename remove_cv<_Tp>::type>::type {};
        -:  933:
        -:  934:#if _LIBCPP_STD_VER > 14 && !defined(_LIBCPP_HAS_NO_VARIABLE_TEMPLATES)
        -:  935:template <class _Tp>
        -:  936:_LIBCPP_INLINE_VAR _LIBCPP_CONSTEXPR bool is_member_function_pointer_v
        -:  937:    = is_member_function_pointer<_Tp>::value;
        -:  938:#endif
        -:  939:
        -:  940:// is_member_pointer
        -:  941:
        -:  942:template <class _Tp>            struct __libcpp_is_member_pointer             : public false_type {};
        -:  943:template <class _Tp, class _Up> struct __libcpp_is_member_pointer<_Tp _Up::*> : public true_type {};
        -:  944:
        -:  945:template <class _Tp> struct _LIBCPP_TEMPLATE_VIS is_member_pointer
        -:  946:    : public __libcpp_is_member_pointer<typename remove_cv<_Tp>::type> {};
        -:  947:
        -:  948:#if _LIBCPP_STD_VER > 14 && !defined(_LIBCPP_HAS_NO_VARIABLE_TEMPLATES)
        -:  949:template <class _Tp>
        -:  950:_LIBCPP_INLINE_VAR _LIBCPP_CONSTEXPR bool is_member_pointer_v
        -:  951:    = is_member_pointer<_Tp>::value;
        -:  952:#endif
        -:  953:
        -:  954:// is_member_object_pointer
        -:  955:
        -:  956:template <class _Tp> struct _LIBCPP_TEMPLATE_VIS is_member_object_pointer
        -:  957:    : public integral_constant<bool, is_member_pointer<_Tp>::value &&
        -:  958:                                    !is_member_function_pointer<_Tp>::value> {};
        -:  959:
        -:  960:#if _LIBCPP_STD_VER > 14 && !defined(_LIBCPP_HAS_NO_VARIABLE_TEMPLATES)
        -:  961:template <class _Tp>
        -:  962:_LIBCPP_INLINE_VAR _LIBCPP_CONSTEXPR bool is_member_object_pointer_v
        -:  963:    = is_member_object_pointer<_Tp>::value;
        -:  964:#endif
        -:  965:
        -:  966:// is_enum
        -:  967:
        -:  968:#if __has_feature(is_enum) || (_GNUC_VER >= 403)
        -:  969:
        -:  970:template <class _Tp> struct _LIBCPP_TEMPLATE_VIS is_enum
        -:  971:    : public integral_constant<bool, __is_enum(_Tp)> {};
        -:  972:
        -:  973:#else
        -:  974:
        -:  975:template <class _Tp> struct _LIBCPP_TEMPLATE_VIS is_enum
        -:  976:    : public integral_constant<bool, !is_void<_Tp>::value             &&
        -:  977:                                     !is_integral<_Tp>::value         &&
        -:  978:                                     !is_floating_point<_Tp>::value   &&
        -:  979:                                     !is_array<_Tp>::value            &&
        -:  980:                                     !is_pointer<_Tp>::value          &&
        -:  981:                                     !is_reference<_Tp>::value        &&
        -:  982:                                     !is_member_pointer<_Tp>::value   &&
        -:  983:                                     !is_union<_Tp>::value            &&
        -:  984:                                     !is_class<_Tp>::value            &&
        -:  985:                                     !is_function<_Tp>::value         > {};
        -:  986:
        -:  987:#endif
        -:  988:
        -:  989:#if _LIBCPP_STD_VER > 14 && !defined(_LIBCPP_HAS_NO_VARIABLE_TEMPLATES)
        -:  990:template <class _Tp>
        -:  991:_LIBCPP_INLINE_VAR _LIBCPP_CONSTEXPR bool is_enum_v
        -:  992:    = is_enum<_Tp>::value;
        -:  993:#endif
        -:  994:
        -:  995:// is_arithmetic
        -:  996:
        -:  997:template <class _Tp> struct _LIBCPP_TEMPLATE_VIS is_arithmetic
        -:  998:    : public integral_constant<bool, is_integral<_Tp>::value      ||
        -:  999:                                     is_floating_point<_Tp>::value> {};
        -: 1000:
        -: 1001:#if _LIBCPP_STD_VER > 14 && !defined(_LIBCPP_HAS_NO_VARIABLE_TEMPLATES)
        -: 1002:template <class _Tp>
        -: 1003:_LIBCPP_INLINE_VAR _LIBCPP_CONSTEXPR bool is_arithmetic_v
        -: 1004:    = is_arithmetic<_Tp>::value;
        -: 1005:#endif
        -: 1006:
        -: 1007:// is_fundamental
        -: 1008:
        -: 1009:template <class _Tp> struct _LIBCPP_TEMPLATE_VIS is_fundamental
        -: 1010:    : public integral_constant<bool, is_void<_Tp>::value        ||
        -: 1011:                                     __is_nullptr_t<_Tp>::value ||
        -: 1012:                                     is_arithmetic<_Tp>::value> {};
        -: 1013:
        -: 1014:#if _LIBCPP_STD_VER > 14 && !defined(_LIBCPP_HAS_NO_VARIABLE_TEMPLATES)
        -: 1015:template <class _Tp>
        -: 1016:_LIBCPP_INLINE_VAR _LIBCPP_CONSTEXPR bool is_fundamental_v
        -: 1017:    = is_fundamental<_Tp>::value;
        -: 1018:#endif
        -: 1019:
        -: 1020:// is_scalar
        -: 1021:
        -: 1022:template <class _Tp> struct _LIBCPP_TEMPLATE_VIS is_scalar
        -: 1023:    : public integral_constant<bool, is_arithmetic<_Tp>::value     ||
        -: 1024:                                     is_member_pointer<_Tp>::value ||
        -: 1025:                                     is_pointer<_Tp>::value        ||
        -: 1026:                                     __is_nullptr_t<_Tp>::value    ||
        -: 1027:                                     is_enum<_Tp>::value           > {};
        -: 1028:
        -: 1029:template <> struct _LIBCPP_TEMPLATE_VIS is_scalar<nullptr_t> : public true_type {};
        -: 1030:
        -: 1031:#if _LIBCPP_STD_VER > 14 && !defined(_LIBCPP_HAS_NO_VARIABLE_TEMPLATES)
        -: 1032:template <class _Tp>
        -: 1033:_LIBCPP_INLINE_VAR _LIBCPP_CONSTEXPR bool is_scalar_v
        -: 1034:    = is_scalar<_Tp>::value;
        -: 1035:#endif
        -: 1036:
        -: 1037:// is_object
        -: 1038:
        -: 1039:template <class _Tp> struct _LIBCPP_TEMPLATE_VIS is_object
        -: 1040:    : public integral_constant<bool, is_scalar<_Tp>::value ||
        -: 1041:                                     is_array<_Tp>::value  ||
        -: 1042:                                     is_union<_Tp>::value  ||
        -: 1043:                                     is_class<_Tp>::value  > {};
        -: 1044:
        -: 1045:#if _LIBCPP_STD_VER > 14 && !defined(_LIBCPP_HAS_NO_VARIABLE_TEMPLATES)
        -: 1046:template <class _Tp>
        -: 1047:_LIBCPP_INLINE_VAR _LIBCPP_CONSTEXPR bool is_object_v
        -: 1048:    = is_object<_Tp>::value;
        -: 1049:#endif
        -: 1050:
        -: 1051:// is_compound
        -: 1052:
        -: 1053:template <class _Tp> struct _LIBCPP_TEMPLATE_VIS is_compound
        -: 1054:    : public integral_constant<bool, !is_fundamental<_Tp>::value> {};
        -: 1055:
        -: 1056:#if _LIBCPP_STD_VER > 14 && !defined(_LIBCPP_HAS_NO_VARIABLE_TEMPLATES)
        -: 1057:template <class _Tp>
        -: 1058:_LIBCPP_INLINE_VAR _LIBCPP_CONSTEXPR bool is_compound_v
        -: 1059:    = is_compound<_Tp>::value;
        -: 1060:#endif
        -: 1061:
        -: 1062:
        -: 1063:// __is_referenceable  [defns.referenceable]
        -: 1064:
        -: 1065:struct __is_referenceable_impl {
        -: 1066:    template <class _Tp> static _Tp& __test(int);
        -: 1067:    template <class _Tp> static __two __test(...);
        -: 1068:};
        -: 1069:
        -: 1070:template <class _Tp>
        -: 1071:struct __is_referenceable : integral_constant<bool,
        -: 1072:    !is_same<decltype(__is_referenceable_impl::__test<_Tp>(0)), __two>::value> {};
        -: 1073:
        -: 1074:
        -: 1075:// add_const
        -: 1076:
        -: 1077:template <class _Tp, bool = is_reference<_Tp>::value ||
        -: 1078:                            is_function<_Tp>::value  ||
        -: 1079:                            is_const<_Tp>::value     >
        -: 1080:struct __add_const             {typedef _Tp type;};
        -: 1081:
        -: 1082:template <class _Tp>
        -: 1083:struct __add_const<_Tp, false> {typedef const _Tp type;};
        -: 1084:
        -: 1085:template <class _Tp> struct _LIBCPP_TEMPLATE_VIS add_const
        -: 1086:    {typedef typename __add_const<_Tp>::type type;};
        -: 1087:
        -: 1088:#if _LIBCPP_STD_VER > 11
        -: 1089:template <class _Tp> using add_const_t = typename add_const<_Tp>::type;
        -: 1090:#endif
        -: 1091:
        -: 1092:// add_volatile
        -: 1093:
        -: 1094:template <class _Tp, bool = is_reference<_Tp>::value ||
        -: 1095:                            is_function<_Tp>::value  ||
        -: 1096:                            is_volatile<_Tp>::value  >
        -: 1097:struct __add_volatile             {typedef _Tp type;};
        -: 1098:
        -: 1099:template <class _Tp>
        -: 1100:struct __add_volatile<_Tp, false> {typedef volatile _Tp type;};
        -: 1101:
        -: 1102:template <class _Tp> struct _LIBCPP_TEMPLATE_VIS add_volatile
        -: 1103:    {typedef typename __add_volatile<_Tp>::type type;};
        -: 1104:
        -: 1105:#if _LIBCPP_STD_VER > 11
        -: 1106:template <class _Tp> using add_volatile_t = typename add_volatile<_Tp>::type;
        -: 1107:#endif
        -: 1108:
        -: 1109:// add_cv
        -: 1110:
        -: 1111:template <class _Tp> struct _LIBCPP_TEMPLATE_VIS add_cv
        -: 1112:    {typedef typename add_const<typename add_volatile<_Tp>::type>::type type;};
        -: 1113:
        -: 1114:#if _LIBCPP_STD_VER > 11
        -: 1115:template <class _Tp> using add_cv_t = typename add_cv<_Tp>::type;
        -: 1116:#endif
        -: 1117:
        -: 1118:// remove_reference
        -: 1119:
        -: 1120:template <class _Tp> struct _LIBCPP_TEMPLATE_VIS remove_reference        {typedef _Tp type;};
        -: 1121:template <class _Tp> struct _LIBCPP_TEMPLATE_VIS remove_reference<_Tp&>  {typedef _Tp type;};
        -: 1122:#ifndef _LIBCPP_HAS_NO_RVALUE_REFERENCES
        -: 1123:template <class _Tp> struct _LIBCPP_TEMPLATE_VIS remove_reference<_Tp&&> {typedef _Tp type;};
        -: 1124:#endif
        -: 1125:
        -: 1126:#if _LIBCPP_STD_VER > 11
        -: 1127:template <class _Tp> using remove_reference_t = typename remove_reference<_Tp>::type;
        -: 1128:#endif
        -: 1129:
        -: 1130:// add_lvalue_reference
        -: 1131:
        -: 1132:template <class _Tp, bool = __is_referenceable<_Tp>::value> struct __add_lvalue_reference_impl            { typedef _Tp  type; };
        -: 1133:template <class _Tp                                       > struct __add_lvalue_reference_impl<_Tp, true> { typedef _Tp& type; };
        -: 1134:
        -: 1135:template <class _Tp> struct _LIBCPP_TEMPLATE_VIS add_lvalue_reference
        -: 1136:{typedef typename __add_lvalue_reference_impl<_Tp>::type type;};
        -: 1137:
        -: 1138:#if _LIBCPP_STD_VER > 11
        -: 1139:template <class _Tp> using add_lvalue_reference_t = typename add_lvalue_reference<_Tp>::type;
        -: 1140:#endif
        -: 1141:
        -: 1142:#ifndef _LIBCPP_HAS_NO_RVALUE_REFERENCES
        -: 1143:
        -: 1144:template <class _Tp, bool = __is_referenceable<_Tp>::value> struct __add_rvalue_reference_impl            { typedef _Tp   type; };
        -: 1145:template <class _Tp                                       > struct __add_rvalue_reference_impl<_Tp, true> { typedef _Tp&& type; };
        -: 1146:
        -: 1147:template <class _Tp> struct _LIBCPP_TEMPLATE_VIS add_rvalue_reference
        -: 1148:{typedef typename __add_rvalue_reference_impl<_Tp>::type type;};
        -: 1149:
        -: 1150:#if _LIBCPP_STD_VER > 11
        -: 1151:template <class _Tp> using add_rvalue_reference_t = typename add_rvalue_reference<_Tp>::type;
        -: 1152:#endif
        -: 1153:
        -: 1154:#endif  // _LIBCPP_HAS_NO_RVALUE_REFERENCES
        -: 1155:
        -: 1156:#ifndef _LIBCPP_HAS_NO_RVALUE_REFERENCES
        -: 1157:
        -: 1158:template <class _Tp> _Tp&& __declval(int);
        -: 1159:template <class _Tp> _Tp   __declval(long);
        -: 1160:
        -: 1161:template <class _Tp>
        -: 1162:decltype(_VSTD::__declval<_Tp>(0))
        -: 1163:declval() _NOEXCEPT;
        -: 1164:
        -: 1165:#else  // _LIBCPP_HAS_NO_RVALUE_REFERENCES
        -: 1166:
        -: 1167:template <class _Tp>
        -: 1168:typename add_lvalue_reference<_Tp>::type
        -: 1169:declval();
        -: 1170:
        -: 1171:#endif  // _LIBCPP_HAS_NO_RVALUE_REFERENCES
        -: 1172:
        -: 1173:// __uncvref
        -: 1174:
        -: 1175:template <class _Tp>
        -: 1176:struct __uncvref  {
        -: 1177:    typedef typename remove_cv<typename remove_reference<_Tp>::type>::type type;
        -: 1178:};
        -: 1179:
        -: 1180:template <class _Tp>
        -: 1181:struct __unconstref {
        -: 1182:    typedef typename remove_const<typename remove_reference<_Tp>::type>::type type;
        -: 1183:};
        -: 1184:
        -: 1185:#ifndef _LIBCPP_CXX03_LANG
        -: 1186:template <class _Tp>
        -: 1187:using __uncvref_t = typename __uncvref<_Tp>::type;
        -: 1188:#endif
        -: 1189:
        -: 1190:// __is_same_uncvref
        -: 1191:
        -: 1192:template <class _Tp, class _Up>
        -: 1193:struct __is_same_uncvref : is_same<typename __uncvref<_Tp>::type,
        -: 1194:                                   typename __uncvref<_Up>::type> {};
        -: 1195:
        -: 1196:#if _LIBCPP_STD_VER > 17
        -: 1197:// remove_cvref - same as __uncvref
        -: 1198:template <class _Tp>
        -: 1199:struct remove_cvref : public __uncvref<_Tp> {};
        -: 1200:
        -: 1201:template <class _Tp> using remove_cvref_t = typename remove_cvref<_Tp>::type;
        -: 1202:#endif
        -: 1203:
        -: 1204:
        -: 1205:struct __any
        -: 1206:{
        -: 1207:    __any(...);
        -: 1208:};
        -: 1209:
        -: 1210:// remove_pointer
        -: 1211:
        -: 1212:template <class _Tp> struct _LIBCPP_TEMPLATE_VIS remove_pointer                      {typedef _Tp type;};
        -: 1213:template <class _Tp> struct _LIBCPP_TEMPLATE_VIS remove_pointer<_Tp*>                {typedef _Tp type;};
        -: 1214:template <class _Tp> struct _LIBCPP_TEMPLATE_VIS remove_pointer<_Tp* const>          {typedef _Tp type;};
        -: 1215:template <class _Tp> struct _LIBCPP_TEMPLATE_VIS remove_pointer<_Tp* volatile>       {typedef _Tp type;};
        -: 1216:template <class _Tp> struct _LIBCPP_TEMPLATE_VIS remove_pointer<_Tp* const volatile> {typedef _Tp type;};
        -: 1217:
        -: 1218:#if _LIBCPP_STD_VER > 11
        -: 1219:template <class _Tp> using remove_pointer_t = typename remove_pointer<_Tp>::type;
        -: 1220:#endif
        -: 1221:
        -: 1222:// add_pointer
        -: 1223:
        -: 1224:template <class _Tp,
        -: 1225:        bool = __is_referenceable<_Tp>::value ||
        -: 1226:                is_same<typename remove_cv<_Tp>::type, void>::value>
        -: 1227:struct __add_pointer_impl
        -: 1228:    {typedef typename remove_reference<_Tp>::type* type;};
        -: 1229:template <class _Tp> struct __add_pointer_impl<_Tp, false>
        -: 1230:    {typedef _Tp type;};
        -: 1231:
        -: 1232:template <class _Tp> struct _LIBCPP_TEMPLATE_VIS add_pointer
        -: 1233:    {typedef typename __add_pointer_impl<_Tp>::type type;};
        -: 1234:
        -: 1235:#if _LIBCPP_STD_VER > 11
        -: 1236:template <class _Tp> using add_pointer_t = typename add_pointer<_Tp>::type;
        -: 1237:#endif
        -: 1238:
        -: 1239:// type_identity
        -: 1240:#if _LIBCPP_STD_VER > 17
        -: 1241:template<class _Tp> struct type_identity { typedef _Tp type; };
        -: 1242:template<class _Tp> using type_identity_t = typename type_identity<_Tp>::type;
        -: 1243:#endif
        -: 1244:
        -: 1245:// is_signed
        -: 1246:
        -: 1247:template <class _Tp, bool = is_integral<_Tp>::value>
        -: 1248:struct __libcpp_is_signed_impl : public _LIBCPP_BOOL_CONSTANT(_Tp(-1) < _Tp(0)) {};
        -: 1249:
        -: 1250:template <class _Tp>
        -: 1251:struct __libcpp_is_signed_impl<_Tp, false> : public true_type {};  // floating point
        -: 1252:
        -: 1253:template <class _Tp, bool = is_arithmetic<_Tp>::value>
        -: 1254:struct __libcpp_is_signed : public __libcpp_is_signed_impl<_Tp> {};
        -: 1255:
        -: 1256:template <class _Tp> struct __libcpp_is_signed<_Tp, false> : public false_type {};
        -: 1257:
        -: 1258:template <class _Tp> struct _LIBCPP_TEMPLATE_VIS is_signed : public __libcpp_is_signed<_Tp> {};
        -: 1259:
        -: 1260:#if _LIBCPP_STD_VER > 14 && !defined(_LIBCPP_HAS_NO_VARIABLE_TEMPLATES)
        -: 1261:template <class _Tp>
        -: 1262:_LIBCPP_INLINE_VAR _LIBCPP_CONSTEXPR bool is_signed_v
        -: 1263:    = is_signed<_Tp>::value;
        -: 1264:#endif
        -: 1265:
        -: 1266:// is_unsigned
        -: 1267:
        -: 1268:template <class _Tp, bool = is_integral<_Tp>::value>
        -: 1269:struct __libcpp_is_unsigned_impl : public _LIBCPP_BOOL_CONSTANT(_Tp(0) < _Tp(-1)) {};
        -: 1270:
        -: 1271:template <class _Tp>
        -: 1272:struct __libcpp_is_unsigned_impl<_Tp, false> : public false_type {};  // floating point
        -: 1273:
        -: 1274:template <class _Tp, bool = is_arithmetic<_Tp>::value>
        -: 1275:struct __libcpp_is_unsigned : public __libcpp_is_unsigned_impl<_Tp> {};
        -: 1276:
        -: 1277:template <class _Tp> struct __libcpp_is_unsigned<_Tp, false> : public false_type {};
        -: 1278:
        -: 1279:template <class _Tp> struct _LIBCPP_TEMPLATE_VIS is_unsigned : public __libcpp_is_unsigned<_Tp> {};
        -: 1280:
        -: 1281:#if _LIBCPP_STD_VER > 14 && !defined(_LIBCPP_HAS_NO_VARIABLE_TEMPLATES)
        -: 1282:template <class _Tp>
        -: 1283:_LIBCPP_INLINE_VAR _LIBCPP_CONSTEXPR bool is_unsigned_v
        -: 1284:    = is_unsigned<_Tp>::value;
        -: 1285:#endif
        -: 1286:
        -: 1287:// rank
        -: 1288:
        -: 1289:template <class _Tp> struct _LIBCPP_TEMPLATE_VIS rank
        -: 1290:    : public integral_constant<size_t, 0> {};
        -: 1291:template <class _Tp> struct _LIBCPP_TEMPLATE_VIS rank<_Tp[]>
        -: 1292:    : public integral_constant<size_t, rank<_Tp>::value + 1> {};
        -: 1293:template <class _Tp, size_t _Np> struct _LIBCPP_TEMPLATE_VIS rank<_Tp[_Np]>
        -: 1294:    : public integral_constant<size_t, rank<_Tp>::value + 1> {};
        -: 1295:
        -: 1296:#if _LIBCPP_STD_VER > 14 && !defined(_LIBCPP_HAS_NO_VARIABLE_TEMPLATES)
        -: 1297:template <class _Tp>
        -: 1298:_LIBCPP_INLINE_VAR _LIBCPP_CONSTEXPR size_t rank_v
        -: 1299:    = rank<_Tp>::value;
        -: 1300:#endif
        -: 1301:
        -: 1302:// extent
        -: 1303:
        -: 1304:template <class _Tp, unsigned _Ip = 0> struct _LIBCPP_TEMPLATE_VIS extent
        -: 1305:    : public integral_constant<size_t, 0> {};
        -: 1306:template <class _Tp> struct _LIBCPP_TEMPLATE_VIS extent<_Tp[], 0>
        -: 1307:    : public integral_constant<size_t, 0> {};
        -: 1308:template <class _Tp, unsigned _Ip> struct _LIBCPP_TEMPLATE_VIS extent<_Tp[], _Ip>
        -: 1309:    : public integral_constant<size_t, extent<_Tp, _Ip-1>::value> {};
        -: 1310:template <class _Tp, size_t _Np> struct _LIBCPP_TEMPLATE_VIS extent<_Tp[_Np], 0>
        -: 1311:    : public integral_constant<size_t, _Np> {};
        -: 1312:template <class _Tp, size_t _Np, unsigned _Ip> struct _LIBCPP_TEMPLATE_VIS extent<_Tp[_Np], _Ip>
        -: 1313:    : public integral_constant<size_t, extent<_Tp, _Ip-1>::value> {};
        -: 1314:
        -: 1315:#if _LIBCPP_STD_VER > 14 && !defined(_LIBCPP_HAS_NO_VARIABLE_TEMPLATES)
        -: 1316:template <class _Tp, unsigned _Ip = 0>
        -: 1317:_LIBCPP_INLINE_VAR _LIBCPP_CONSTEXPR size_t extent_v
        -: 1318:    = extent<_Tp, _Ip>::value;
        -: 1319:#endif
        -: 1320:
        -: 1321:// remove_extent
        -: 1322:
        -: 1323:template <class _Tp> struct _LIBCPP_TEMPLATE_VIS remove_extent
        -: 1324:    {typedef _Tp type;};
        -: 1325:template <class _Tp> struct _LIBCPP_TEMPLATE_VIS remove_extent<_Tp[]>
        -: 1326:    {typedef _Tp type;};
        -: 1327:template <class _Tp, size_t _Np> struct _LIBCPP_TEMPLATE_VIS remove_extent<_Tp[_Np]>
        -: 1328:    {typedef _Tp type;};
        -: 1329:
        -: 1330:#if _LIBCPP_STD_VER > 11
        -: 1331:template <class _Tp> using remove_extent_t = typename remove_extent<_Tp>::type;
        -: 1332:#endif
        -: 1333:
        -: 1334:// remove_all_extents
        -: 1335:
        -: 1336:template <class _Tp> struct _LIBCPP_TEMPLATE_VIS remove_all_extents
        -: 1337:    {typedef _Tp type;};
        -: 1338:template <class _Tp> struct _LIBCPP_TEMPLATE_VIS remove_all_extents<_Tp[]>
        -: 1339:    {typedef typename remove_all_extents<_Tp>::type type;};
        -: 1340:template <class _Tp, size_t _Np> struct _LIBCPP_TEMPLATE_VIS remove_all_extents<_Tp[_Np]>
        -: 1341:    {typedef typename remove_all_extents<_Tp>::type type;};
        -: 1342:
        -: 1343:#if _LIBCPP_STD_VER > 11
        -: 1344:template <class _Tp> using remove_all_extents_t = typename remove_all_extents<_Tp>::type;
        -: 1345:#endif
        -: 1346:
        -: 1347:// decay
        -: 1348:
        -: 1349:template <class _Up, bool>
        -: 1350:struct __decay {
        -: 1351:    typedef typename remove_cv<_Up>::type type;
        -: 1352:};
        -: 1353:
        -: 1354:template <class _Up>
        -: 1355:struct __decay<_Up, true> {
        -: 1356:public:
        -: 1357:    typedef typename conditional
        -: 1358:                     <
        -: 1359:                         is_array<_Up>::value,
        -: 1360:                         typename remove_extent<_Up>::type*,
        -: 1361:                         typename conditional
        -: 1362:                         <
        -: 1363:                              is_function<_Up>::value,
        -: 1364:                              typename add_pointer<_Up>::type,
        -: 1365:                              typename remove_cv<_Up>::type
        -: 1366:                         >::type
        -: 1367:                     >::type type;
        -: 1368:};
        -: 1369:
        -: 1370:template <class _Tp>
        -: 1371:struct _LIBCPP_TEMPLATE_VIS decay
        -: 1372:{
        -: 1373:private:
        -: 1374:    typedef typename remove_reference<_Tp>::type _Up;
        -: 1375:public:
        -: 1376:    typedef typename __decay<_Up, __is_referenceable<_Up>::value>::type type;
        -: 1377:};
        -: 1378:
        -: 1379:#if _LIBCPP_STD_VER > 11
        -: 1380:template <class _Tp> using decay_t = typename decay<_Tp>::type;
        -: 1381:#endif
        -: 1382:
        -: 1383:// is_abstract
        -: 1384:
        -: 1385:template <class _Tp> struct _LIBCPP_TEMPLATE_VIS is_abstract
        -: 1386:    : public integral_constant<bool, __is_abstract(_Tp)> {};
        -: 1387:
        -: 1388:#if _LIBCPP_STD_VER > 14 && !defined(_LIBCPP_HAS_NO_VARIABLE_TEMPLATES)
        -: 1389:template <class _Tp>
        -: 1390:_LIBCPP_INLINE_VAR _LIBCPP_CONSTEXPR bool is_abstract_v
        -: 1391:    = is_abstract<_Tp>::value;
        -: 1392:#endif
        -: 1393:
        -: 1394:// is_final
        -: 1395:
        -: 1396:#if defined(_LIBCPP_HAS_IS_FINAL)
        -: 1397:template <class _Tp> struct _LIBCPP_TEMPLATE_VIS
        -: 1398:__libcpp_is_final : public integral_constant<bool, __is_final(_Tp)> {};
        -: 1399:#else
        -: 1400:template <class _Tp> struct _LIBCPP_TEMPLATE_VIS
        -: 1401:__libcpp_is_final : public false_type {};
        -: 1402:#endif
        -: 1403:
        -: 1404:#if defined(_LIBCPP_HAS_IS_FINAL) && _LIBCPP_STD_VER > 11
        -: 1405:template <class _Tp> struct _LIBCPP_TEMPLATE_VIS
[...]
        -: 4439:        __invokable<_Fp, _Args...>::value,
        -: 4440:        typename __invokable_r<void, _Fp, _Args...>::_Result>
        -: 4441:{
        -: 4442:};
        -: 4443:
        -: 4444:// result_of
        -: 4445:
        -: 4446:template <class _Fp, class ..._Args>
        -: 4447:class _LIBCPP_TEMPLATE_VIS result_of<_Fp(_Args...)>
        -: 4448:    : public __invoke_of<_Fp, _Args...>
        -: 4449:{
        -: 4450:};
        -: 4451:
        -: 4452:#if _LIBCPP_STD_VER > 11
        -: 4453:template <class _Tp> using result_of_t = typename result_of<_Tp>::type;
        -: 4454:#endif
        -: 4455:
        -: 4456:#if _LIBCPP_STD_VER > 14
        -: 4457:
        -: 4458:// invoke_result
        -: 4459:
        -: 4460:template <class _Fn, class... _Args>
        -: 4461:struct _LIBCPP_TEMPLATE_VIS invoke_result
        -: 4462:    : __invoke_of<_Fn, _Args...>
        -: 4463:{
        -: 4464:};
        -: 4465:
        -: 4466:template <class _Fn, class... _Args>
        -: 4467:using invoke_result_t = typename invoke_result<_Fn, _Args...>::type;
        -: 4468:
        -: 4469:// is_invocable
        -: 4470:
        -: 4471:template <class _Fn, class ..._Args>
        -: 4472:struct _LIBCPP_TEMPLATE_VIS is_invocable
        -: 4473:    : integral_constant<bool, __invokable<_Fn, _Args...>::value> {};
        -: 4474:
        -: 4475:template <class _Ret, class _Fn, class ..._Args>
        -: 4476:struct _LIBCPP_TEMPLATE_VIS is_invocable_r
        -: 4477:    : integral_constant<bool, __invokable_r<_Ret, _Fn, _Args...>::value> {};
        -: 4478:
        -: 4479:template <class _Fn, class ..._Args>
        -: 4480:_LIBCPP_INLINE_VAR constexpr bool is_invocable_v
        -: 4481:    = is_invocable<_Fn, _Args...>::value;
        -: 4482:
        -: 4483:template <class _Ret, class _Fn, class ..._Args>
        -: 4484:_LIBCPP_INLINE_VAR constexpr bool is_invocable_r_v
        -: 4485:    = is_invocable_r<_Ret, _Fn, _Args...>::value;
        -: 4486:
        -: 4487:// is_nothrow_invocable
        -: 4488:
        -: 4489:template <class _Fn, class ..._Args>
        -: 4490:struct _LIBCPP_TEMPLATE_VIS is_nothrow_invocable
        -: 4491:    : integral_constant<bool, __nothrow_invokable<_Fn, _Args...>::value> {};
        -: 4492:
        -: 4493:template <class _Ret, class _Fn, class ..._Args>
        -: 4494:struct _LIBCPP_TEMPLATE_VIS is_nothrow_invocable_r
        -: 4495:    : integral_constant<bool, __nothrow_invokable_r<_Ret, _Fn, _Args...>::value> {};
        -: 4496:
        -: 4497:template <class _Fn, class ..._Args>
        -: 4498:_LIBCPP_INLINE_VAR constexpr bool is_nothrow_invocable_v
        -: 4499:    = is_nothrow_invocable<_Fn, _Args...>::value;
        -: 4500:
        -: 4501:template <class _Ret, class _Fn, class ..._Args>
        -: 4502:_LIBCPP_INLINE_VAR constexpr bool is_nothrow_invocable_r_v
        -: 4503:    = is_nothrow_invocable_r<_Ret, _Fn, _Args...>::value;
        -: 4504:
        -: 4505:#endif // _LIBCPP_STD_VER > 14
        -: 4506:
        -: 4507:#endif  // !defined(_LIBCPP_CXX03_LANG)
        -: 4508:
        -: 4509:template <class _Tp> struct __is_swappable;
        -: 4510:template <class _Tp> struct __is_nothrow_swappable;
        -: 4511:
        -: 4512:template <class _Tp>
        -: 4513:inline _LIBCPP_INLINE_VISIBILITY
        -: 4514:#ifndef _LIBCPP_CXX03_LANG
        -: 4515:typename enable_if
        -: 4516:<
        -: 4517:    is_move_constructible<_Tp>::value &&
        -: 4518:    is_move_assignable<_Tp>::value
        -: 4519:>::type
        -: 4520:#else
        -: 4521:void
        -: 4522:#endif
        -: 4523:swap(_Tp& __x, _Tp& __y) _NOEXCEPT_(is_nothrow_move_constructible<_Tp>::value &&
        -: 4524:                                    is_nothrow_move_assignable<_Tp>::value)
        -: 4525:{
        -: 4526:    _Tp __t(_VSTD::move(__x));
        -: 4527:    __x = _VSTD::move(__y);
        -: 4528:    __y = _VSTD::move(__t);
        -: 4529:}
        -: 4530:
        -: 4531:template<class _Tp, size_t _Np>
        -: 4532:inline _LIBCPP_INLINE_VISIBILITY
        -: 4533:typename enable_if<
        -: 4534:    __is_swappable<_Tp>::value
        -: 4535:>::type
        -: 4536:swap(_Tp (&__a)[_Np], _Tp (&__b)[_Np]) _NOEXCEPT_(__is_nothrow_swappable<_Tp>::value);
        -: 4537:
        -: 4538:template <class _ForwardIterator1, class _ForwardIterator2>
        -: 4539:inline _LIBCPP_INLINE_VISIBILITY
        -: 4540:void
        -: 4541:iter_swap(_ForwardIterator1 __a, _ForwardIterator2 __b)
        -: 4542:    //                                  _NOEXCEPT_(_NOEXCEPT_(swap(*__a, *__b)))
        -: 4543:               _NOEXCEPT_(_NOEXCEPT_(swap(*_VSTD::declval<_ForwardIterator1>(),
        -: 4544:                                          *_VSTD::declval<_ForwardIterator2>())))
        -: 4545:{
        -: 4546:    swap(*__a, *__b);
        -: 4547:}
        -: 4548:
        -: 4549:// __swappable
        -: 4550:
        -: 4551:namespace __detail
        -: 4552:{
        -: 4553:// ALL generic swap overloads MUST already have a declaration available at this point.
        -: 4554:
        -: 4555:template <class _Tp, class _Up = _Tp,
        -: 4556:          bool _NotVoid = !is_void<_Tp>::value && !is_void<_Up>::value>
        -: 4557:struct __swappable_with
        -: 4558:{
        -: 4559:    template <class _LHS, class _RHS>
        -: 4560:    static decltype(swap(_VSTD::declval<_LHS>(), _VSTD::declval<_RHS>()))
        -: 4561:    __test_swap(int);
        -: 4562:    template <class, class>
        -: 4563:    static __nat __test_swap(long);
        -: 4564:
        -: 4565:    // Extra parens are needed for the C++03 definition of decltype.
        -: 4566:    typedef decltype((__test_swap<_Tp, _Up>(0))) __swap1;
        -: 4567:    typedef decltype((__test_swap<_Up, _Tp>(0))) __swap2;
        -: 4568:
        -: 4569:    static const bool value = !is_same<__swap1, __nat>::value
        -: 4570:                           && !is_same<__swap2, __nat>::value;
        -: 4571:};
        -: 4572:
        -: 4573:template <class _Tp, class _Up>
        -: 4574:struct __swappable_with<_Tp, _Up,  false> : false_type {};
        -: 4575:
        -: 4576:template <class _Tp, class _Up = _Tp, bool _Swappable = __swappable_with<_Tp, _Up>::value>
        -: 4577:struct __nothrow_swappable_with {
        -: 4578:  static const bool value =
        -: 4579:#ifndef _LIBCPP_HAS_NO_NOEXCEPT
        -: 4580:      noexcept(swap(_VSTD::declval<_Tp>(), _VSTD::declval<_Up>()))
        -: 4581:  &&  noexcept(swap(_VSTD::declval<_Up>(), _VSTD::declval<_Tp>()));
        -: 4582:#else
        -: 4583:      false;
        -: 4584:#endif
        -: 4585:};
        -: 4586:
        -: 4587:template <class _Tp, class _Up>
        -: 4588:struct __nothrow_swappable_with<_Tp, _Up, false> : false_type {};
        -: 4589:
        -: 4590:}  // __detail
        -: 4591:
        -: 4592:template <class _Tp>
        -: 4593:struct __is_swappable
        -: 4594:    : public integral_constant<bool, __detail::__swappable_with<_Tp&>::value>
        -: 4595:{
        -: 4596:};
        -: 4597:
        -: 4598:template <class _Tp>
        -: 4599:struct __is_nothrow_swappable
        -: 4600:    : public integral_constant<bool, __detail::__nothrow_swappable_with<_Tp&>::value>
        -: 4601:{
        -: 4602:};
        -: 4603:
        -: 4604:#if _LIBCPP_STD_VER > 14
        -: 4605:
        -: 4606:template <class _Tp, class _Up>
        -: 4607:struct _LIBCPP_TEMPLATE_VIS is_swappable_with
        -: 4608:    : public integral_constant<bool, __detail::__swappable_with<_Tp, _Up>::value>
        -: 4609:{
        -: 4610:};
        -: 4611:
        -: 4612:template <class _Tp>
        -: 4613:struct _LIBCPP_TEMPLATE_VIS is_swappable
        -: 4614:    : public conditional<
        -: 4615:        __is_referenceable<_Tp>::value,
        -: 4616:        is_swappable_with<
        -: 4617:            typename add_lvalue_reference<_Tp>::type,
        -: 4618:            typename add_lvalue_reference<_Tp>::type>,
        -: 4619:        false_type
        -: 4620:    >::type
        -: 4621:{
        -: 4622:};
        -: 4623:
        -: 4624:template <class _Tp, class _Up>
        -: 4625:struct _LIBCPP_TEMPLATE_VIS is_nothrow_swappable_with
        -: 4626:    : public integral_constant<bool, __detail::__nothrow_swappable_with<_Tp, _Up>::value>
        -: 4627:{
        -: 4628:};
        -: 4629:
        -: 4630:template <class _Tp>
        -: 4631:struct _LIBCPP_TEMPLATE_VIS is_nothrow_swappable
        -: 4632:    : public conditional<
        -: 4633:        __is_referenceable<_Tp>::value,
        -: 4634:        is_nothrow_swappable_with<
        -: 4635:            typename add_lvalue_reference<_Tp>::type,
        -: 4636:            typename add_lvalue_reference<_Tp>::type>,
        -: 4637:        false_type
        -: 4638:    >::type
        -: 4639:{
        -: 4640:};
        -: 4641:
        -: 4642:template <class _Tp, class _Up>
        -: 4643:_LIBCPP_INLINE_VAR constexpr bool is_swappable_with_v
        -: 4644:    = is_swappable_with<_Tp, _Up>::value;
        -: 4645:
        -: 4646:template <class _Tp>
        -: 4647:_LIBCPP_INLINE_VAR constexpr bool is_swappable_v
        -: 4648:    = is_swappable<_Tp>::value;
        -: 4649:
        -: 4650:template <class _Tp, class _Up>
        -: 4651:_LIBCPP_INLINE_VAR constexpr bool is_nothrow_swappable_with_v
        -: 4652:    = is_nothrow_swappable_with<_Tp, _Up>::value;
        -: 4653:
        -: 4654:template <class _Tp>
        -: 4655:_LIBCPP_INLINE_VAR constexpr bool is_nothrow_swappable_v
        -: 4656:    = is_nothrow_swappable<_Tp>::value;
        -: 4657:
        -: 4658:#endif // _LIBCPP_STD_VER > 14
        -: 4659:
        -: 4660:#ifdef _LIBCPP_UNDERLYING_TYPE
        -: 4661:
        -: 4662:template <class _Tp>
        -: 4663:struct underlying_type
        -: 4664:{
        -: 4665:    typedef _LIBCPP_UNDERLYING_TYPE(_Tp) type;
        -: 4666:};
        -: 4667:
        -: 4668:#if _LIBCPP_STD_VER > 11
        -: 4669:template <class _Tp> using underlying_type_t = typename underlying_type<_Tp>::type;
        -: 4670:#endif
        -: 4671:
        -: 4672:#else  // _LIBCPP_UNDERLYING_TYPE
        -: 4673:
        -: 4674:template <class _Tp, bool _Support = false>
        -: 4675:struct underlying_type
        -: 4676:{
        -: 4677:    static_assert(_Support, "The underyling_type trait requires compiler "
        -: 4678:                            "support. Either no such support exists or "
        -: 4679:                            "libc++ does not know how to use it.");
        -: 4680:};
        -: 4681:
        -: 4682:#endif // _LIBCPP_UNDERLYING_TYPE
        -: 4683:
        -: 4684:
        -: 4685:template <class _Tp, bool = is_enum<_Tp>::value>
        -: 4686:struct __sfinae_underlying_type
        -: 4687:{
        -: 4688:    typedef typename underlying_type<_Tp>::type type;
        -: 4689:    typedef decltype(((type)1) + 0) __promoted_type;
        -: 4690:};
        -: 4691:
        -: 4692:template <class _Tp>
        -: 4693:struct __sfinae_underlying_type<_Tp, false> {};
        -: 4694:
        -: 4695:inline _LIBCPP_INLINE_VISIBILITY _LIBCPP_CONSTEXPR
        -: 4696:int __convert_to_integral(int __val) { return __val; }
        -: 4697:
        -: 4698:inline _LIBCPP_INLINE_VISIBILITY _LIBCPP_CONSTEXPR
        -: 4699:unsigned __convert_to_integral(unsigned __val) { return __val; }
        -: 4700:
        -: 4701:inline _LIBCPP_INLINE_VISIBILITY _LIBCPP_CONSTEXPR
        -: 4702:long __convert_to_integral(long __val) { return __val; }
        -: 4703:
        -: 4704:inline _LIBCPP_INLINE_VISIBILITY _LIBCPP_CONSTEXPR
        -: 4705:unsigned long __convert_to_integral(unsigned long __val) { return __val; }
        -: 4706:
        -: 4707:inline _LIBCPP_INLINE_VISIBILITY _LIBCPP_CONSTEXPR
        -: 4708:long long __convert_to_integral(long long __val) { return __val; }
        -: 4709:
        -: 4710:inline _LIBCPP_INLINE_VISIBILITY _LIBCPP_CONSTEXPR
        -: 4711:unsigned long long __convert_to_integral(unsigned long long __val) {return __val; }
        -: 4712:
        -: 4713:template<typename _Fp>
        -: 4714:inline _LIBCPP_INLINE_VISIBILITY _LIBCPP_CONSTEXPR
        -: 4715:typename enable_if<is_floating_point<_Fp>::value, long long>::type
        -: 4716: __convert_to_integral(_Fp __val) { return __val; }
        -: 4717:
        -: 4718:#ifndef _LIBCPP_HAS_NO_INT128
        -: 4719:inline _LIBCPP_INLINE_VISIBILITY _LIBCPP_CONSTEXPR
        -: 4720:__int128_t __convert_to_integral(__int128_t __val) { return __val; }
        -: 4721:
        -: 4722:inline _LIBCPP_INLINE_VISIBILITY _LIBCPP_CONSTEXPR
        -: 4723:__uint128_t __convert_to_integral(__uint128_t __val) { return __val; }
        -: 4724:#endif
        -: 4725:
        -: 4726:template <class _Tp>
        -: 4727:inline _LIBCPP_INLINE_VISIBILITY _LIBCPP_CONSTEXPR
        -: 4728:typename __sfinae_underlying_type<_Tp>::__promoted_type
        -: 4729:__convert_to_integral(_Tp __val) { return __val; }
        -: 4730:
        -: 4731:#ifndef _LIBCPP_CXX03_LANG
        -: 4732:
        -: 4733:template <class _Tp>
        -: 4734:struct __has_operator_addressof_member_imp
        -: 4735:{
        -: 4736:    template <class _Up>
        -: 4737:        static auto __test(int)
        -: 4738:            -> typename __select_2nd<decltype(_VSTD::declval<_Up>().operator&()), true_type>::type;
        -: 4739:    template <class>
        -: 4740:        static auto __test(long) -> false_type;
        -: 4741:
        -: 4742:    static const bool value = decltype(__test<_Tp>(0))::value;
        -: 4743:};
        -: 4744:
        -: 4745:template <class _Tp>
        -: 4746:struct __has_operator_addressof_free_imp
        -: 4747:{
        -: 4748:    template <class _Up>
        -: 4749:        static auto __test(int)
        -: 4750:            -> typename __select_2nd<decltype(operator&(_VSTD::declval<_Up>())), true_type>::type;
        -: 4751:    template <class>
        -: 4752:        static auto __test(long) -> false_type;
        -: 4753:
        -: 4754:    static const bool value = decltype(__test<_Tp>(0))::value;
        -: 4755:};
        -: 4756:
        -: 4757:template <class _Tp>
        -: 4758:struct __has_operator_addressof
        -: 4759:    : public integral_constant<bool, __has_operator_addressof_member_imp<_Tp>::value
        -: 4760:                                  || __has_operator_addressof_free_imp<_Tp>::value>
        -: 4761:{};
        -: 4762:
        -: 4763:#endif  // _LIBCPP_CXX03_LANG
        -: 4764:
        -: 4765:#if _LIBCPP_STD_VER > 14
        -: 4766:
        -: 4767:template <class...> using void_t = void;
        -: 4768:
        -: 4769:# ifndef _LIBCPP_HAS_NO_VARIADICS
        -: 4770:template <class... _Args>
        -: 4771:struct conjunction : __and_<_Args...> {};
        -: 4772:template<class... _Args>
        -: 4773:_LIBCPP_INLINE_VAR constexpr bool conjunction_v
        -: 4774:    = conjunction<_Args...>::value;
        -: 4775:
        -: 4776:template <class... _Args>
        -: 4777:struct disjunction : __or_<_Args...> {};
        -: 4778:template<class... _Args>
        -: 4779:_LIBCPP_INLINE_VAR constexpr bool disjunction_v
        -: 4780:    = disjunction<_Args...>::value;
        -: 4781:
        -: 4782:template <class _Tp>
        -: 4783:struct negation : __not_<_Tp> {};
        -: 4784:template<class _Tp>
        -: 4785:_LIBCPP_INLINE_VAR constexpr bool negation_v
        -: 4786:    = negation<_Tp>::value;
        -: 4787:# endif // _LIBCPP_HAS_NO_VARIADICS
        -: 4788:#endif  // _LIBCPP_STD_VER > 14
        -: 4789:
        -: 4790:// These traits are used in __tree and __hash_table
        -: 4791:#ifndef _LIBCPP_CXX03_LANG
        -: 4792:struct __extract_key_fail_tag {};
        -: 4793:struct __extract_key_self_tag {};
        -: 4794:struct __extract_key_first_tag {};
        -: 4795:
        -: 4796:template <class _ValTy, class _Key,
        -: 4797:          class _RawValTy = typename __unconstref<_ValTy>::type>
        -: 4798:struct __can_extract_key
        -: 4799:    : conditional<is_same<_RawValTy, _Key>::value, __extract_key_self_tag,
        -: 4800:                  __extract_key_fail_tag>::type {};
        -: 4801:
        -: 4802:template <class _Pair, class _Key, class _First, class _Second>
        -: 4803:struct __can_extract_key<_Pair, _Key, pair<_First, _Second>>
        -: 4804:    : conditional<is_same<typename remove_const<_First>::type, _Key>::value,
        -: 4805:                  __extract_key_first_tag, __extract_key_fail_tag>::type {};
        -: 4806:
        -: 4807:// __can_extract_map_key uses true_type/false_type instead of the tags.
        -: 4808:// It returns true if _Key != _ContainerValueTy (the container is a map not a set)
        -: 4809:// and _ValTy == _Key.
        -: 4810:template <class _ValTy, class _Key, class _ContainerValueTy,
        -: 4811:          class _RawValTy = typename __unconstref<_ValTy>::type>
        -: 4812:struct __can_extract_map_key
        -: 4813:    : integral_constant<bool, is_same<_RawValTy, _Key>::value> {};
        -: 4814:
        -: 4815:// This specialization returns __extract_key_fail_tag for non-map containers
        -: 4816:// because _Key == _ContainerValueTy
        -: 4817:template <class _ValTy, class _Key, class _RawValTy>
        -: 4818:struct __can_extract_map_key<_ValTy, _Key, _Key, _RawValTy>
        -: 4819:    : false_type {};
        -: 4820:
        -: 4821:#endif
        -: 4822:
        -: 4823:#if _LIBCPP_STD_VER > 17
        -: 4824:enum class endian
        -: 4825:{
        -: 4826:    little = 0xDEAD,
        -: 4827:    big    = 0xFACE,
        -: 4828:#if defined(_LIBCPP_LITTLE_ENDIAN)
        -: 4829:    native = little
        -: 4830:#elif defined(_LIBCPP_BIG_ENDIAN)
        -: 4831:    native = big
        -: 4832:#else
        -: 4833:    native = 0xCAFE
        -: 4834:#endif
        -: 4835:};
        -: 4836:#endif
        -: 4837:
        -: 4838:_LIBCPP_END_NAMESPACE_STD
        -: 4839:
        -: 4840:#if _LIBCPP_STD_VER > 14
        -: 4841:// std::byte
        -: 4842:namespace std  // purposefully not versioned
        -: 4843:{
        -: 4844:template <class _Integer>
        -: 4845:  constexpr typename enable_if<is_integral_v<_Integer>, byte>::type &
        -: 4846:  operator<<=(byte& __lhs, _Integer __shift) noexcept
        -: 4847:  { return __lhs = __lhs << __shift; }
        -: 4848:
        -: 4849:template <class _Integer>
        -: 4850:  constexpr typename enable_if<is_integral_v<_Integer>, byte>::type
        -: 4851:  operator<< (byte  __lhs, _Integer __shift) noexcept
        -: 4852:  { return static_cast<byte>(static_cast<unsigned char>(static_cast<unsigned int>(__lhs) << __shift)); }
        -: 4853:
        -: 4854:template <class _Integer>
        -: 4855:  constexpr typename enable_if<is_integral_v<_Integer>, byte>::type &
        -: 4856:  operator>>=(byte& __lhs, _Integer __shift) noexcept
        -: 4857:  { return __lhs = __lhs >> __shift; }
        -: 4858:
        -: 4859:template <class _Integer>
        -: 4860:  constexpr typename enable_if<is_integral_v<_Integer>, byte>::type
        -: 4861:  operator>> (byte  __lhs, _Integer __shift) noexcept
        -: 4862:  { return static_cast<byte>(static_cast<unsigned char>(static_cast<unsigned int>(__lhs) >> __shift)); }
        -: 4863:
        -: 4864:template <class _Integer>
        -: 4865:  constexpr typename enable_if<is_integral_v<_Integer>, _Integer>::type
        -: 4866:  to_integer(byte __b) noexcept { return static_cast<_Integer>(__b); }
        -: 4867:
        -: 4868:}
        -: 4869:#endif
        -: 4870:
        -: 4871:#endif  // _LIBCPP_TYPE_TRAITS
