        -:    0:Source:/Users/taveeh/Desktop/University/Year 1/Semester 2/Object Oriented Programming/Assignment_5-6/Footage.h
        -:    0:Graph:/Users/taveeh/Desktop/University/Year 1/Semester 2/Object Oriented Programming/Assignment_5-6/cmake-build-debug/CMakeFiles/Assignment_5_6.dir/TestService.cpp.gcno
        -:    0:Data:/Users/taveeh/Desktop/University/Year 1/Semester 2/Object Oriented Programming/Assignment_5-6/cmake-build-debug/CMakeFiles/Assignment_5_6.dir/TestService.cpp.gcda
        -:    0:Runs:1
        -:    0:Programs:1
        -:    1://
        -:    2:// Created by Octavian Custura on 18/03/2020.
        -:    3://
        -:    4:
        -:    5:#ifndef ASSIGNMENT_5_6_FOOTAGE_H
        -:    6:#define ASSIGNMENT_5_6_FOOTAGE_H
        -:    7:
        -:    8:#include <string>
        -:    9:class Date {
        -:   10:private:
        -:   11:    int day, month, year;
        -:   12:public:
        -:   13:    Date();
        -:   14:    Date(int day, int month, int year);
        -:   15:    [[nodiscard]] int getDay() const;
        -:   16:    [[nodiscard]] int getMonth() const;
        -:   17:    [[nodiscard]] int getYear() const;
        -:   18:    friend bool operator<(const Date& compareDate1, const Date& compareDate2);
        -:   19:    [[nodiscard]] std::string toString() const;
        -:   20:};
        -:   21:
    #####:   22:class Footage {
    $$$$$:   22-block  0
    $$$$$:   22-block  1
    $$$$$:   22-block  2
    $$$$$:   22-block  3
        -:   23:private:
        -:   24:    std::string title;
        -:   25:    std::string type;
        -:   26:    Date date;
        -:   27:    int numberAccessed;
        -:   28:    std::string link;
        -:   29:
        -:   30:public:
        -:   31:    Footage();
        -:   32:
        -:   33:    Footage(std::string title, std::string type, Date date, int numberAccessed, std::string link);
        -:   34:
        -:   35:    void changeType(std::string newType);
        -:   36:
        -:   37:    void changeDate(Date newDate);
        -:   38:
        -:   39:    void changeAccessCount(int newAccessCount);
        -:   40:
        -:   41:    void changeLink(std::string link);
        -:   42:
        -:   43:    [[nodiscard]] std::string getTitle() const;
        -:   44:
        -:   45:    [[nodiscard]] std::string getType() const;
        -:   46:
        -:   47:    [[nodiscard]] Date getDate() const;
        -:   48:
        -:   49:    [[nodiscard]] int getAccessCount() const;
        -:   50:
        -:   51:    [[nodiscard]] std::string getLink() const;
        -:   52:
        -:   53:    [[nodiscard]] std::string toString() const;
        -:   54:};
        -:   55:
        -:   56:
        -:   57:#endif //ASSIGNMENT_5_6_FOOTAGE_H
